[2024-09-20 02:18:18,134] {taskinstance.py:851} INFO - Dependencies all met for <TaskInstance: example_bash_operator.runme_1 2024-09-19T00:00:00+00:00 [queued]>
[2024-09-20 02:18:18,260] {taskinstance.py:851} INFO - Dependencies all met for <TaskInstance: example_bash_operator.runme_1 2024-09-19T00:00:00+00:00 [queued]>
[2024-09-20 02:18:18,272] {taskinstance.py:1042} INFO - 
--------------------------------------------------------------------------------
[2024-09-20 02:18:18,273] {taskinstance.py:1043} INFO - Starting attempt 1 of 1
[2024-09-20 02:18:18,273] {taskinstance.py:1044} INFO - 
--------------------------------------------------------------------------------
[2024-09-20 02:18:18,389] {taskinstance.py:1063} INFO - Executing <Task(BashOperator): runme_1> on 2024-09-19T00:00:00+00:00
[2024-09-20 02:18:18,405] {standard_task_runner.py:52} INFO - Started process 76 to run task
[2024-09-20 02:18:18,458] {standard_task_runner.py:76} INFO - Running: ['airflow', 'tasks', 'run', 'example_bash_operator', 'runme_1', '2024-09-19T00:00:00+00:00', '--job-id', '114', '--pool', 'default_pool', '--raw', '--subdir', '/home/airflow/.local/lib/python3.6/site-packages/airflow/example_dags/example_bash_operator.py', '--cfg-path', '/tmp/tmp4rolui_l', '--error-file', '/tmp/tmpnhokl9i8']
[2024-09-20 02:18:18,460] {standard_task_runner.py:77} INFO - Job 114: Subtask runme_1
[2024-09-20 02:18:18,695] {logging_mixin.py:104} INFO - Running <TaskInstance: example_bash_operator.runme_1 2024-09-19T00:00:00+00:00 [running]> on host c2fa25c01628
[2024-09-20 02:18:18,892] {taskinstance.py:1257} INFO - Exporting the following env vars:
AIRFLOW_CTX_DAG_OWNER=airflow
AIRFLOW_CTX_DAG_ID=example_bash_operator
AIRFLOW_CTX_TASK_ID=runme_1
AIRFLOW_CTX_EXECUTION_DATE=2024-09-19T00:00:00+00:00
AIRFLOW_CTX_DAG_RUN_ID=scheduled__2024-09-19T00:00:00+00:00
[2024-09-20 02:18:18,893] {bash.py:135} INFO - Tmp dir root location: 
 /tmp
[2024-09-20 02:18:18,894] {bash.py:158} INFO - Running command: echo "example_bash_operator__runme_1__20240919" && sleep 1
[2024-09-20 02:18:19,009] {bash.py:169} INFO - Output:
[2024-09-20 02:18:19,031] {bash.py:173} INFO - example_bash_operator__runme_1__20240919
[2024-09-20 02:18:20,078] {bash.py:177} INFO - Command exited with return code 0
[2024-09-20 02:18:21,636] {taskinstance.py:1166} INFO - Marking task as SUCCESS. dag_id=example_bash_operator, task_id=runme_1, execution_date=20240919T000000, start_date=20240920T021818, end_date=20240920T021821
[2024-09-20 02:18:23,392] {taskinstance.py:1220} INFO - 0 downstream tasks scheduled from follow-on schedule check
[2024-09-20 02:18:24,440] {local_task_job.py:146} INFO - Task exited with return code 0
