[2024-09-21 04:34:59,324] {taskinstance.py:851} INFO - Dependencies all met for <TaskInstance: example_bash_operator.run_after_loop 2024-09-20T00:00:00+00:00 [queued]>
[2024-09-21 04:34:59,355] {taskinstance.py:851} INFO - Dependencies all met for <TaskInstance: example_bash_operator.run_after_loop 2024-09-20T00:00:00+00:00 [queued]>
[2024-09-21 04:34:59,355] {taskinstance.py:1042} INFO - 
--------------------------------------------------------------------------------
[2024-09-21 04:34:59,355] {taskinstance.py:1043} INFO - Starting attempt 1 of 1
[2024-09-21 04:34:59,355] {taskinstance.py:1044} INFO - 
--------------------------------------------------------------------------------
[2024-09-21 04:34:59,395] {taskinstance.py:1063} INFO - Executing <Task(BashOperator): run_after_loop> on 2024-09-20T00:00:00+00:00
[2024-09-21 04:34:59,408] {standard_task_runner.py:52} INFO - Started process 57 to run task
[2024-09-21 04:34:59,424] {standard_task_runner.py:76} INFO - Running: ['airflow', 'tasks', 'run', 'example_bash_operator', 'run_after_loop', '2024-09-20T00:00:00+00:00', '--job-id', '168', '--pool', 'default_pool', '--raw', '--subdir', '/home/airflow/.local/lib/python3.6/site-packages/airflow/example_dags/example_bash_operator.py', '--cfg-path', '/tmp/tmpsetk5kzs', '--error-file', '/tmp/tmpndt42wws']
[2024-09-21 04:34:59,425] {standard_task_runner.py:77} INFO - Job 168: Subtask run_after_loop
[2024-09-21 04:34:59,582] {logging_mixin.py:104} INFO - Running <TaskInstance: example_bash_operator.run_after_loop 2024-09-20T00:00:00+00:00 [running]> on host 93d2902cde66
[2024-09-21 04:34:59,710] {taskinstance.py:1257} INFO - Exporting the following env vars:
AIRFLOW_CTX_DAG_OWNER=airflow
AIRFLOW_CTX_DAG_ID=example_bash_operator
AIRFLOW_CTX_TASK_ID=run_after_loop
AIRFLOW_CTX_EXECUTION_DATE=2024-09-20T00:00:00+00:00
AIRFLOW_CTX_DAG_RUN_ID=scheduled__2024-09-20T00:00:00+00:00
[2024-09-21 04:34:59,711] {bash.py:135} INFO - Tmp dir root location: 
 /tmp
[2024-09-21 04:34:59,713] {bash.py:158} INFO - Running command: echo 1
[2024-09-21 04:34:59,740] {bash.py:169} INFO - Output:
[2024-09-21 04:34:59,745] {bash.py:173} INFO - 1
[2024-09-21 04:34:59,746] {bash.py:177} INFO - Command exited with return code 0
[2024-09-21 04:34:59,809] {taskinstance.py:1166} INFO - Marking task as SUCCESS. dag_id=example_bash_operator, task_id=run_after_loop, execution_date=20240920T000000, start_date=20240921T043459, end_date=20240921T043459
[2024-09-21 04:34:59,876] {taskinstance.py:1220} INFO - 1 downstream tasks scheduled from follow-on schedule check
[2024-09-21 04:34:59,919] {local_task_job.py:146} INFO - Task exited with return code 0
