[2024-09-22 02:56:59,636] {taskinstance.py:851} INFO - Dependencies all met for <TaskInstance: example_bash_operator.runme_0 2024-09-21T00:00:00+00:00 [queued]>
[2024-09-22 02:57:00,145] {taskinstance.py:851} INFO - Dependencies all met for <TaskInstance: example_bash_operator.runme_0 2024-09-21T00:00:00+00:00 [queued]>
[2024-09-22 02:57:00,152] {taskinstance.py:1042} INFO - 
--------------------------------------------------------------------------------
[2024-09-22 02:57:00,156] {taskinstance.py:1043} INFO - Starting attempt 1 of 1
[2024-09-22 02:57:00,157] {taskinstance.py:1044} INFO - 
--------------------------------------------------------------------------------
[2024-09-22 02:57:00,402] {taskinstance.py:1063} INFO - Executing <Task(BashOperator): runme_0> on 2024-09-21T00:00:00+00:00
[2024-09-22 02:57:00,528] {standard_task_runner.py:52} INFO - Started process 51 to run task
[2024-09-22 02:57:00,613] {standard_task_runner.py:76} INFO - Running: ['airflow', 'tasks', 'run', 'example_bash_operator', 'runme_0', '2024-09-21T00:00:00+00:00', '--job-id', '241', '--pool', 'default_pool', '--raw', '--subdir', '/home/airflow/.local/lib/python3.6/site-packages/airflow/example_dags/example_bash_operator.py', '--cfg-path', '/tmp/tmpj_m8q5bl', '--error-file', '/tmp/tmpgj2c5rkt']
[2024-09-22 02:57:00,624] {standard_task_runner.py:77} INFO - Job 241: Subtask runme_0
[2024-09-22 02:57:01,493] {logging_mixin.py:104} INFO - Running <TaskInstance: example_bash_operator.runme_0 2024-09-21T00:00:00+00:00 [running]> on host 93d2902cde66
[2024-09-22 02:57:02,688] {taskinstance.py:1257} INFO - Exporting the following env vars:
AIRFLOW_CTX_DAG_OWNER=airflow
AIRFLOW_CTX_DAG_ID=example_bash_operator
AIRFLOW_CTX_TASK_ID=runme_0
AIRFLOW_CTX_EXECUTION_DATE=2024-09-21T00:00:00+00:00
AIRFLOW_CTX_DAG_RUN_ID=scheduled__2024-09-21T00:00:00+00:00
[2024-09-22 02:57:02,717] {bash.py:135} INFO - Tmp dir root location: 
 /tmp
[2024-09-22 02:57:02,759] {bash.py:158} INFO - Running command: echo "example_bash_operator__runme_0__20240921" && sleep 1
[2024-09-22 02:57:03,061] {bash.py:169} INFO - Output:
[2024-09-22 02:57:03,109] {bash.py:173} INFO - example_bash_operator__runme_0__20240921
[2024-09-22 02:57:04,158] {bash.py:177} INFO - Command exited with return code 0
[2024-09-22 02:57:04,209] {taskinstance.py:1166} INFO - Marking task as SUCCESS. dag_id=example_bash_operator, task_id=runme_0, execution_date=20240921T000000, start_date=20240922T025659, end_date=20240922T025704
[2024-09-22 02:57:04,268] {taskinstance.py:1220} INFO - 1 downstream tasks scheduled from follow-on schedule check
[2024-09-22 02:57:04,291] {local_task_job.py:146} INFO - Task exited with return code 0
