[2024-09-26 07:00:49,192] {taskinstance.py:851} INFO - Dependencies all met for <TaskInstance: example_bash_operator.runme_0 2024-09-25T00:00:00+00:00 [queued]>
[2024-09-26 07:00:49,310] {taskinstance.py:851} INFO - Dependencies all met for <TaskInstance: example_bash_operator.runme_0 2024-09-25T00:00:00+00:00 [queued]>
[2024-09-26 07:00:49,316] {taskinstance.py:1042} INFO - 
--------------------------------------------------------------------------------
[2024-09-26 07:00:49,317] {taskinstance.py:1043} INFO - Starting attempt 1 of 1
[2024-09-26 07:00:49,317] {taskinstance.py:1044} INFO - 
--------------------------------------------------------------------------------
[2024-09-26 07:00:49,539] {taskinstance.py:1063} INFO - Executing <Task(BashOperator): runme_0> on 2024-09-25T00:00:00+00:00
[2024-09-26 07:00:49,658] {standard_task_runner.py:76} INFO - Running: ['airflow', 'tasks', 'run', 'example_bash_operator', 'runme_0', '2024-09-25T00:00:00+00:00', '--job-id', '315', '--pool', 'default_pool', '--raw', '--subdir', '/home/airflow/.local/lib/python3.6/site-packages/airflow/example_dags/example_bash_operator.py', '--cfg-path', '/tmp/tmpavsq8_v8', '--error-file', '/tmp/tmpb95p3hsw']
[2024-09-26 07:00:49,659] {standard_task_runner.py:77} INFO - Job 315: Subtask runme_0
[2024-09-26 07:00:49,645] {standard_task_runner.py:52} INFO - Started process 52 to run task
[2024-09-26 07:00:50,068] {logging_mixin.py:104} INFO - Running <TaskInstance: example_bash_operator.runme_0 2024-09-25T00:00:00+00:00 [running]> on host 93d2902cde66
[2024-09-26 07:00:50,480] {taskinstance.py:1257} INFO - Exporting the following env vars:
AIRFLOW_CTX_DAG_OWNER=airflow
AIRFLOW_CTX_DAG_ID=example_bash_operator
AIRFLOW_CTX_TASK_ID=runme_0
AIRFLOW_CTX_EXECUTION_DATE=2024-09-25T00:00:00+00:00
AIRFLOW_CTX_DAG_RUN_ID=scheduled__2024-09-25T00:00:00+00:00
[2024-09-26 07:00:50,485] {bash.py:135} INFO - Tmp dir root location: 
 /tmp
[2024-09-26 07:00:50,488] {bash.py:158} INFO - Running command: echo "example_bash_operator__runme_0__20240925" && sleep 1
[2024-09-26 07:00:50,556] {bash.py:169} INFO - Output:
[2024-09-26 07:00:50,582] {bash.py:173} INFO - example_bash_operator__runme_0__20240925
[2024-09-26 07:00:51,582] {bash.py:177} INFO - Command exited with return code 0
[2024-09-26 07:00:51,793] {taskinstance.py:1166} INFO - Marking task as SUCCESS. dag_id=example_bash_operator, task_id=runme_0, execution_date=20240925T000000, start_date=20240926T070049, end_date=20240926T070051
[2024-09-26 07:00:52,082] {taskinstance.py:1220} INFO - 0 downstream tasks scheduled from follow-on schedule check
[2024-09-26 07:00:52,147] {local_task_job.py:146} INFO - Task exited with return code 0
