[2024-09-20 02:18:17,948] {taskinstance.py:851} INFO - Dependencies all met for <TaskInstance: example_bash_operator.runme_2 2024-09-18T00:00:00+00:00 [queued]>
[2024-09-20 02:18:18,003] {taskinstance.py:851} INFO - Dependencies all met for <TaskInstance: example_bash_operator.runme_2 2024-09-18T00:00:00+00:00 [queued]>
[2024-09-20 02:18:18,005] {taskinstance.py:1042} INFO - 
--------------------------------------------------------------------------------
[2024-09-20 02:18:18,007] {taskinstance.py:1043} INFO - Starting attempt 1 of 1
[2024-09-20 02:18:18,007] {taskinstance.py:1044} INFO - 
--------------------------------------------------------------------------------
[2024-09-20 02:18:18,131] {taskinstance.py:1063} INFO - Executing <Task(BashOperator): runme_2> on 2024-09-18T00:00:00+00:00
[2024-09-20 02:18:18,242] {standard_task_runner.py:76} INFO - Running: ['airflow', 'tasks', 'run', 'example_bash_operator', 'runme_2', '2024-09-18T00:00:00+00:00', '--job-id', '115', '--pool', 'default_pool', '--raw', '--subdir', '/home/airflow/.local/lib/python3.6/site-packages/airflow/example_dags/example_bash_operator.py', '--cfg-path', '/tmp/tmpnf73m9h6', '--error-file', '/tmp/tmplayqbsbc']
[2024-09-20 02:18:18,242] {standard_task_runner.py:77} INFO - Job 115: Subtask runme_2
[2024-09-20 02:18:18,226] {standard_task_runner.py:52} INFO - Started process 71 to run task
[2024-09-20 02:18:18,435] {logging_mixin.py:104} INFO - Running <TaskInstance: example_bash_operator.runme_2 2024-09-18T00:00:00+00:00 [running]> on host c2fa25c01628
[2024-09-20 02:18:18,661] {taskinstance.py:1257} INFO - Exporting the following env vars:
AIRFLOW_CTX_DAG_OWNER=airflow
AIRFLOW_CTX_DAG_ID=example_bash_operator
AIRFLOW_CTX_TASK_ID=runme_2
AIRFLOW_CTX_EXECUTION_DATE=2024-09-18T00:00:00+00:00
AIRFLOW_CTX_DAG_RUN_ID=scheduled__2024-09-18T00:00:00+00:00
[2024-09-20 02:18:18,664] {bash.py:135} INFO - Tmp dir root location: 
 /tmp
[2024-09-20 02:18:18,668] {bash.py:158} INFO - Running command: echo "example_bash_operator__runme_2__20240918" && sleep 1
[2024-09-20 02:18:18,702] {bash.py:169} INFO - Output:
[2024-09-20 02:18:18,706] {bash.py:173} INFO - example_bash_operator__runme_2__20240918
[2024-09-20 02:18:19,728] {bash.py:177} INFO - Command exited with return code 0
[2024-09-20 02:18:21,337] {taskinstance.py:1166} INFO - Marking task as SUCCESS. dag_id=example_bash_operator, task_id=runme_2, execution_date=20240918T000000, start_date=20240920T021817, end_date=20240920T021821
[2024-09-20 02:18:23,106] {taskinstance.py:1220} INFO - 1 downstream tasks scheduled from follow-on schedule check
[2024-09-20 02:18:24,487] {local_task_job.py:146} INFO - Task exited with return code 0
