[2024-09-24 04:34:09,718] {taskinstance.py:851} INFO - Dependencies all met for <TaskInstance: fetch_and_store_amazon_books.create_table 2024-09-23T00:00:00+00:00 [queued]>
[2024-09-24 04:34:09,733] {taskinstance.py:851} INFO - Dependencies all met for <TaskInstance: fetch_and_store_amazon_books.create_table 2024-09-23T00:00:00+00:00 [queued]>
[2024-09-24 04:34:09,734] {taskinstance.py:1042} INFO - 
--------------------------------------------------------------------------------
[2024-09-24 04:34:09,734] {taskinstance.py:1043} INFO - Starting attempt 1 of 2
[2024-09-24 04:34:09,734] {taskinstance.py:1044} INFO - 
--------------------------------------------------------------------------------
[2024-09-24 04:34:09,743] {taskinstance.py:1063} INFO - Executing <Task(PostgresOperator): create_table> on 2024-09-23T00:00:00+00:00
[2024-09-24 04:34:09,748] {standard_task_runner.py:52} INFO - Started process 59 to run task
[2024-09-24 04:34:09,752] {standard_task_runner.py:76} INFO - Running: ['airflow', 'tasks', 'run', 'fetch_and_store_amazon_books', 'create_table', '2024-09-23T00:00:00+00:00', '--job-id', '295', '--pool', 'default_pool', '--raw', '--subdir', 'DAGS_FOLDER/dag.py', '--cfg-path', '/tmp/tmp4wruw43g', '--error-file', '/tmp/tmpotui8rjk']
[2024-09-24 04:34:09,752] {standard_task_runner.py:77} INFO - Job 295: Subtask create_table
[2024-09-24 04:34:09,789] {logging_mixin.py:104} INFO - Running <TaskInstance: fetch_and_store_amazon_books.create_table 2024-09-23T00:00:00+00:00 [running]> on host 93d2902cde66
[2024-09-24 04:34:09,837] {taskinstance.py:1257} INFO - Exporting the following env vars:
AIRFLOW_CTX_DAG_OWNER=airflow
AIRFLOW_CTX_DAG_ID=fetch_and_store_amazon_books
AIRFLOW_CTX_TASK_ID=create_table
AIRFLOW_CTX_EXECUTION_DATE=2024-09-23T00:00:00+00:00
AIRFLOW_CTX_DAG_RUN_ID=scheduled__2024-09-23T00:00:00+00:00
[2024-09-24 04:34:09,837] {postgres.py:69} INFO - Executing: 
    CREATE TABLE IF NOT EXISTS books (
        id SERIAL PRIMARY KEY,
        title TEXT NOT NULL,
        authors TEXT,
        price TEXT,
        rating TEXT
    );
    
[2024-09-24 04:34:09,849] {base.py:74} INFO - Using connection to: id: books_connection. Host: 172.18.0.3, Port: 5432, Schema: amazon_books, Login: airflow, Password: XXXXXXXX, extra: None
[2024-09-24 04:34:09,862] {dbapi.py:180} INFO - Running statement: 
    CREATE TABLE IF NOT EXISTS books (
        id SERIAL PRIMARY KEY,
        title TEXT NOT NULL,
        authors TEXT,
        price TEXT,
        rating TEXT
    );
    , parameters: None
[2024-09-24 04:34:09,864] {dbapi.py:186} INFO - Rows affected: -1
[2024-09-24 04:34:09,864] {postgres.py:73} INFO - NOTICE:  relation "books" already exists, skipping

[2024-09-24 04:34:09,875] {taskinstance.py:1166} INFO - Marking task as SUCCESS. dag_id=fetch_and_store_amazon_books, task_id=create_table, execution_date=20240923T000000, start_date=20240924T043409, end_date=20240924T043409
[2024-09-24 04:34:09,914] {taskinstance.py:1220} INFO - 1 downstream tasks scheduled from follow-on schedule check
[2024-09-24 04:34:09,962] {local_task_job.py:146} INFO - Task exited with return code 0
