[2024-09-29 05:44:01,128] {taskinstance.py:851} INFO - Dependencies all met for <TaskInstance: example_bash_operator.runme_0 2024-09-28T00:00:00+00:00 [queued]>
[2024-09-29 05:44:01,692] {taskinstance.py:851} INFO - Dependencies all met for <TaskInstance: example_bash_operator.runme_0 2024-09-28T00:00:00+00:00 [queued]>
[2024-09-29 05:44:01,699] {taskinstance.py:1042} INFO - 
--------------------------------------------------------------------------------
[2024-09-29 05:44:01,700] {taskinstance.py:1043} INFO - Starting attempt 1 of 1
[2024-09-29 05:44:01,701] {taskinstance.py:1044} INFO - 
--------------------------------------------------------------------------------
[2024-09-29 05:44:02,057] {taskinstance.py:1063} INFO - Executing <Task(BashOperator): runme_0> on 2024-09-28T00:00:00+00:00
[2024-09-29 05:44:02,386] {standard_task_runner.py:52} INFO - Started process 74 to run task
[2024-09-29 05:44:02,606] {standard_task_runner.py:76} INFO - Running: ['airflow', 'tasks', 'run', 'example_bash_operator', 'runme_0', '2024-09-28T00:00:00+00:00', '--job-id', '345', '--pool', 'default_pool', '--raw', '--subdir', '/home/airflow/.local/lib/python3.6/site-packages/airflow/example_dags/example_bash_operator.py', '--cfg-path', '/tmp/tmp7fvibffu', '--error-file', '/tmp/tmpmg89l2dt']
[2024-09-29 05:44:02,660] {standard_task_runner.py:77} INFO - Job 345: Subtask runme_0
[2024-09-29 05:44:04,498] {logging_mixin.py:104} INFO - Running <TaskInstance: example_bash_operator.runme_0 2024-09-28T00:00:00+00:00 [running]> on host 93d2902cde66
[2024-09-29 05:44:04,847] {taskinstance.py:1257} INFO - Exporting the following env vars:
AIRFLOW_CTX_DAG_OWNER=airflow
AIRFLOW_CTX_DAG_ID=example_bash_operator
AIRFLOW_CTX_TASK_ID=runme_0
AIRFLOW_CTX_EXECUTION_DATE=2024-09-28T00:00:00+00:00
AIRFLOW_CTX_DAG_RUN_ID=scheduled__2024-09-28T00:00:00+00:00
[2024-09-29 05:44:04,863] {bash.py:135} INFO - Tmp dir root location: 
 /tmp
[2024-09-29 05:44:04,866] {bash.py:158} INFO - Running command: echo "example_bash_operator__runme_0__20240928" && sleep 1
[2024-09-29 05:44:04,913] {bash.py:169} INFO - Output:
[2024-09-29 05:44:04,940] {bash.py:173} INFO - example_bash_operator__runme_0__20240928
[2024-09-29 05:44:05,949] {bash.py:177} INFO - Command exited with return code 0
[2024-09-29 05:44:06,120] {taskinstance.py:1166} INFO - Marking task as SUCCESS. dag_id=example_bash_operator, task_id=runme_0, execution_date=20240928T000000, start_date=20240929T054401, end_date=20240929T054406
[2024-09-29 05:44:06,329] {taskinstance.py:1220} INFO - 0 downstream tasks scheduled from follow-on schedule check
[2024-09-29 05:44:06,390] {local_task_job.py:146} INFO - Task exited with return code 0
