[2024-09-22 02:57:00,249] {taskinstance.py:851} INFO - Dependencies all met for <TaskInstance: example_bash_operator.runme_1 2024-09-21T00:00:00+00:00 [queued]>
[2024-09-22 02:57:00,637] {taskinstance.py:851} INFO - Dependencies all met for <TaskInstance: example_bash_operator.runme_1 2024-09-21T00:00:00+00:00 [queued]>
[2024-09-22 02:57:00,639] {taskinstance.py:1042} INFO - 
--------------------------------------------------------------------------------
[2024-09-22 02:57:00,640] {taskinstance.py:1043} INFO - Starting attempt 1 of 1
[2024-09-22 02:57:00,641] {taskinstance.py:1044} INFO - 
--------------------------------------------------------------------------------
[2024-09-22 02:57:00,783] {taskinstance.py:1063} INFO - Executing <Task(BashOperator): runme_1> on 2024-09-21T00:00:00+00:00
[2024-09-22 02:57:00,856] {standard_task_runner.py:52} INFO - Started process 52 to run task
[2024-09-22 02:57:00,956] {standard_task_runner.py:76} INFO - Running: ['airflow', 'tasks', 'run', 'example_bash_operator', 'runme_1', '2024-09-21T00:00:00+00:00', '--job-id', '242', '--pool', 'default_pool', '--raw', '--subdir', '/home/airflow/.local/lib/python3.6/site-packages/airflow/example_dags/example_bash_operator.py', '--cfg-path', '/tmp/tmpke2c6scu', '--error-file', '/tmp/tmpnej4why1']
[2024-09-22 02:57:00,965] {standard_task_runner.py:77} INFO - Job 242: Subtask runme_1
[2024-09-22 02:57:01,878] {logging_mixin.py:104} INFO - Running <TaskInstance: example_bash_operator.runme_1 2024-09-21T00:00:00+00:00 [running]> on host 93d2902cde66
[2024-09-22 02:57:02,918] {taskinstance.py:1257} INFO - Exporting the following env vars:
AIRFLOW_CTX_DAG_OWNER=airflow
AIRFLOW_CTX_DAG_ID=example_bash_operator
AIRFLOW_CTX_TASK_ID=runme_1
AIRFLOW_CTX_EXECUTION_DATE=2024-09-21T00:00:00+00:00
AIRFLOW_CTX_DAG_RUN_ID=scheduled__2024-09-21T00:00:00+00:00
[2024-09-22 02:57:02,932] {bash.py:135} INFO - Tmp dir root location: 
 /tmp
[2024-09-22 02:57:02,953] {bash.py:158} INFO - Running command: echo "example_bash_operator__runme_1__20240921" && sleep 1
[2024-09-22 02:57:03,135] {bash.py:169} INFO - Output:
[2024-09-22 02:57:03,150] {bash.py:173} INFO - example_bash_operator__runme_1__20240921
[2024-09-22 02:57:04,166] {bash.py:177} INFO - Command exited with return code 0
[2024-09-22 02:57:04,222] {taskinstance.py:1166} INFO - Marking task as SUCCESS. dag_id=example_bash_operator, task_id=runme_1, execution_date=20240921T000000, start_date=20240922T025700, end_date=20240922T025704
[2024-09-22 02:57:04,288] {taskinstance.py:1220} INFO - 0 downstream tasks scheduled from follow-on schedule check
[2024-09-22 02:57:04,331] {local_task_job.py:146} INFO - Task exited with return code 0
