[2024-09-20 02:18:17,073] {taskinstance.py:851} INFO - Dependencies all met for <TaskInstance: example_bash_operator.runme_2 2024-09-16T00:00:00+00:00 [queued]>
[2024-09-20 02:18:17,308] {taskinstance.py:851} INFO - Dependencies all met for <TaskInstance: example_bash_operator.runme_2 2024-09-16T00:00:00+00:00 [queued]>
[2024-09-20 02:18:17,332] {taskinstance.py:1042} INFO - 
--------------------------------------------------------------------------------
[2024-09-20 02:18:17,332] {taskinstance.py:1043} INFO - Starting attempt 1 of 1
[2024-09-20 02:18:17,332] {taskinstance.py:1044} INFO - 
--------------------------------------------------------------------------------
[2024-09-20 02:18:17,488] {taskinstance.py:1063} INFO - Executing <Task(BashOperator): runme_2> on 2024-09-16T00:00:00+00:00
[2024-09-20 02:18:17,557] {standard_task_runner.py:52} INFO - Started process 64 to run task
[2024-09-20 02:18:17,621] {standard_task_runner.py:76} INFO - Running: ['airflow', 'tasks', 'run', 'example_bash_operator', 'runme_2', '2024-09-16T00:00:00+00:00', '--job-id', '106', '--pool', 'default_pool', '--raw', '--subdir', '/home/airflow/.local/lib/python3.6/site-packages/airflow/example_dags/example_bash_operator.py', '--cfg-path', '/tmp/tmp9uzxcoqh', '--error-file', '/tmp/tmpyizho6li']
[2024-09-20 02:18:17,621] {standard_task_runner.py:77} INFO - Job 106: Subtask runme_2
[2024-09-20 02:18:18,106] {logging_mixin.py:104} INFO - Running <TaskInstance: example_bash_operator.runme_2 2024-09-16T00:00:00+00:00 [running]> on host c2fa25c01628
[2024-09-20 02:18:18,401] {taskinstance.py:1257} INFO - Exporting the following env vars:
AIRFLOW_CTX_DAG_OWNER=airflow
AIRFLOW_CTX_DAG_ID=example_bash_operator
AIRFLOW_CTX_TASK_ID=runme_2
AIRFLOW_CTX_EXECUTION_DATE=2024-09-16T00:00:00+00:00
AIRFLOW_CTX_DAG_RUN_ID=scheduled__2024-09-16T00:00:00+00:00
[2024-09-20 02:18:18,402] {bash.py:135} INFO - Tmp dir root location: 
 /tmp
[2024-09-20 02:18:18,407] {bash.py:158} INFO - Running command: echo "example_bash_operator__runme_2__20240916" && sleep 1
[2024-09-20 02:18:18,496] {bash.py:169} INFO - Output:
[2024-09-20 02:18:18,497] {bash.py:173} INFO - example_bash_operator__runme_2__20240916
[2024-09-20 02:18:19,511] {bash.py:177} INFO - Command exited with return code 0
[2024-09-20 02:18:20,998] {taskinstance.py:1166} INFO - Marking task as SUCCESS. dag_id=example_bash_operator, task_id=runme_2, execution_date=20240916T000000, start_date=20240920T021817, end_date=20240920T021820
[2024-09-20 02:18:23,330] {taskinstance.py:1220} INFO - 0 downstream tasks scheduled from follow-on schedule check
[2024-09-20 02:18:24,424] {local_task_job.py:146} INFO - Task exited with return code 0
