[2024-10-01 04:17:49,816] {taskinstance.py:851} INFO - Dependencies all met for <TaskInstance: example_bash_operator.runme_2 2024-09-30T00:00:00+00:00 [queued]>
[2024-10-01 04:17:49,849] {taskinstance.py:851} INFO - Dependencies all met for <TaskInstance: example_bash_operator.runme_2 2024-09-30T00:00:00+00:00 [queued]>
[2024-10-01 04:17:49,849] {taskinstance.py:1042} INFO - 
--------------------------------------------------------------------------------
[2024-10-01 04:17:49,849] {taskinstance.py:1043} INFO - Starting attempt 1 of 1
[2024-10-01 04:17:49,849] {taskinstance.py:1044} INFO - 
--------------------------------------------------------------------------------
[2024-10-01 04:17:49,863] {taskinstance.py:1063} INFO - Executing <Task(BashOperator): runme_2> on 2024-09-30T00:00:00+00:00
[2024-10-01 04:17:49,870] {standard_task_runner.py:52} INFO - Started process 49 to run task
[2024-10-01 04:17:49,875] {standard_task_runner.py:76} INFO - Running: ['airflow', 'tasks', 'run', 'example_bash_operator', 'runme_2', '2024-09-30T00:00:00+00:00', '--job-id', '367', '--pool', 'default_pool', '--raw', '--subdir', '/home/airflow/.local/lib/python3.6/site-packages/airflow/example_dags/example_bash_operator.py', '--cfg-path', '/tmp/tmpxtfto07l', '--error-file', '/tmp/tmpc9tzgspj']
[2024-10-01 04:17:49,876] {standard_task_runner.py:77} INFO - Job 367: Subtask runme_2
[2024-10-01 04:17:49,950] {logging_mixin.py:104} INFO - Running <TaskInstance: example_bash_operator.runme_2 2024-09-30T00:00:00+00:00 [running]> on host 93d2902cde66
[2024-10-01 04:17:50,020] {taskinstance.py:1257} INFO - Exporting the following env vars:
AIRFLOW_CTX_DAG_OWNER=airflow
AIRFLOW_CTX_DAG_ID=example_bash_operator
AIRFLOW_CTX_TASK_ID=runme_2
AIRFLOW_CTX_EXECUTION_DATE=2024-09-30T00:00:00+00:00
AIRFLOW_CTX_DAG_RUN_ID=scheduled__2024-09-30T00:00:00+00:00
[2024-10-01 04:17:50,021] {bash.py:135} INFO - Tmp dir root location: 
 /tmp
[2024-10-01 04:17:50,022] {bash.py:158} INFO - Running command: echo "example_bash_operator__runme_2__20240930" && sleep 1
[2024-10-01 04:17:50,037] {bash.py:169} INFO - Output:
[2024-10-01 04:17:50,038] {bash.py:173} INFO - example_bash_operator__runme_2__20240930
[2024-10-01 04:17:51,040] {bash.py:177} INFO - Command exited with return code 0
[2024-10-01 04:17:51,073] {taskinstance.py:1166} INFO - Marking task as SUCCESS. dag_id=example_bash_operator, task_id=runme_2, execution_date=20240930T000000, start_date=20241001T041749, end_date=20241001T041751
[2024-10-01 04:17:51,112] {taskinstance.py:1220} INFO - 1 downstream tasks scheduled from follow-on schedule check
[2024-10-01 04:17:51,137] {local_task_job.py:146} INFO - Task exited with return code 0
