[2024-09-20 02:18:16,418] {taskinstance.py:851} INFO - Dependencies all met for <TaskInstance: example_bash_operator.also_run_this 2024-09-15T00:00:00+00:00 [queued]>
[2024-09-20 02:18:16,493] {taskinstance.py:851} INFO - Dependencies all met for <TaskInstance: example_bash_operator.also_run_this 2024-09-15T00:00:00+00:00 [queued]>
[2024-09-20 02:18:16,495] {taskinstance.py:1042} INFO - 
--------------------------------------------------------------------------------
[2024-09-20 02:18:16,498] {taskinstance.py:1043} INFO - Starting attempt 1 of 1
[2024-09-20 02:18:16,498] {taskinstance.py:1044} INFO - 
--------------------------------------------------------------------------------
[2024-09-20 02:18:16,629] {taskinstance.py:1063} INFO - Executing <Task(BashOperator): also_run_this> on 2024-09-15T00:00:00+00:00
[2024-09-20 02:18:16,658] {standard_task_runner.py:52} INFO - Started process 59 to run task
[2024-09-20 02:18:16,718] {standard_task_runner.py:76} INFO - Running: ['airflow', 'tasks', 'run', 'example_bash_operator', 'also_run_this', '2024-09-15T00:00:00+00:00', '--job-id', '104', '--pool', 'default_pool', '--raw', '--subdir', '/home/airflow/.local/lib/python3.6/site-packages/airflow/example_dags/example_bash_operator.py', '--cfg-path', '/tmp/tmp3xmyinnv', '--error-file', '/tmp/tmptbd7h0t0']
[2024-09-20 02:18:16,722] {standard_task_runner.py:77} INFO - Job 104: Subtask also_run_this
[2024-09-20 02:18:16,932] {logging_mixin.py:104} INFO - Running <TaskInstance: example_bash_operator.also_run_this 2024-09-15T00:00:00+00:00 [running]> on host c2fa25c01628
[2024-09-20 02:18:17,875] {taskinstance.py:1257} INFO - Exporting the following env vars:
AIRFLOW_CTX_DAG_OWNER=airflow
AIRFLOW_CTX_DAG_ID=example_bash_operator
AIRFLOW_CTX_TASK_ID=also_run_this
AIRFLOW_CTX_EXECUTION_DATE=2024-09-15T00:00:00+00:00
AIRFLOW_CTX_DAG_RUN_ID=scheduled__2024-09-15T00:00:00+00:00
[2024-09-20 02:18:17,877] {bash.py:135} INFO - Tmp dir root location: 
 /tmp
[2024-09-20 02:18:17,880] {bash.py:158} INFO - Running command: echo "run_id=scheduled__2024-09-15T00:00:00+00:00 | dag_run=<DagRun example_bash_operator @ 2024-09-15 00:00:00+00:00: scheduled__2024-09-15T00:00:00+00:00, externally triggered: False>"
[2024-09-20 02:18:17,999] {bash.py:169} INFO - Output:
[2024-09-20 02:18:18,000] {bash.py:173} INFO - run_id=scheduled__2024-09-15T00:00:00+00:00 | dag_run=<DagRun example_bash_operator @ 2024-09-15 00:00:00+00:00: scheduled__2024-09-15T00:00:00+00:00, externally triggered: False>
[2024-09-20 02:18:18,000] {bash.py:177} INFO - Command exited with return code 0
[2024-09-20 02:18:18,244] {taskinstance.py:1166} INFO - Marking task as SUCCESS. dag_id=example_bash_operator, task_id=also_run_this, execution_date=20240915T000000, start_date=20240920T021816, end_date=20240920T021818
[2024-09-20 02:18:18,517] {taskinstance.py:1220} INFO - 0 downstream tasks scheduled from follow-on schedule check
[2024-09-20 02:18:18,583] {local_task_job.py:146} INFO - Task exited with return code 0
