[2024-09-20 07:56:23,897] {taskinstance.py:851} INFO - Dependencies all met for <TaskInstance: fetch_and_store_amazon_books.fetch_book_data 2024-09-20T07:51:48.816382+00:00 [queued]>
[2024-09-20 07:56:23,925] {taskinstance.py:851} INFO - Dependencies all met for <TaskInstance: fetch_and_store_amazon_books.fetch_book_data 2024-09-20T07:51:48.816382+00:00 [queued]>
[2024-09-20 07:56:23,926] {taskinstance.py:1042} INFO - 
--------------------------------------------------------------------------------
[2024-09-20 07:56:23,926] {taskinstance.py:1043} INFO - Starting attempt 1 of 2
[2024-09-20 07:56:23,926] {taskinstance.py:1044} INFO - 
--------------------------------------------------------------------------------
[2024-09-20 07:56:23,940] {taskinstance.py:1063} INFO - Executing <Task(PythonOperator): fetch_book_data> on 2024-09-20T07:51:48.816382+00:00
[2024-09-20 07:56:23,946] {standard_task_runner.py:52} INFO - Started process 61 to run task
[2024-09-20 07:56:23,951] {standard_task_runner.py:76} INFO - Running: ['airflow', 'tasks', 'run', 'fetch_and_store_amazon_books', 'fetch_book_data', '2024-09-20T07:51:48.816382+00:00', '--job-id', '151', '--pool', 'default_pool', '--raw', '--subdir', 'DAGS_FOLDER/dag.py', '--cfg-path', '/tmp/tmpd_65aju4', '--error-file', '/tmp/tmpy8onv2dw']
[2024-09-20 07:56:23,952] {standard_task_runner.py:77} INFO - Job 151: Subtask fetch_book_data
[2024-09-20 07:56:23,987] {logging_mixin.py:104} INFO - Running <TaskInstance: fetch_and_store_amazon_books.fetch_book_data 2024-09-20T07:51:48.816382+00:00 [running]> on host 007eb76872bf
[2024-09-20 07:56:24,019] {taskinstance.py:1257} INFO - Exporting the following env vars:
AIRFLOW_CTX_DAG_OWNER=airflow
AIRFLOW_CTX_DAG_ID=fetch_and_store_amazon_books
AIRFLOW_CTX_TASK_ID=fetch_book_data
AIRFLOW_CTX_EXECUTION_DATE=2024-09-20T07:51:48.816382+00:00
AIRFLOW_CTX_DAG_RUN_ID=manual__2024-09-20T07:51:48.816382+00:00
[2024-09-20 07:56:24,375] {logging_mixin.py:104} INFO - Failed to retrieve the page
[2024-09-20 07:56:24,427] {python.py:118} INFO - Done. Returned value was: None
[2024-09-20 07:56:24,446] {taskinstance.py:1166} INFO - Marking task as SUCCESS. dag_id=fetch_and_store_amazon_books, task_id=fetch_book_data, execution_date=20240920T075148, start_date=20240920T075623, end_date=20240920T075624
[2024-09-20 07:56:24,486] {taskinstance.py:1220} INFO - 1 downstream tasks scheduled from follow-on schedule check
[2024-09-20 07:56:24,522] {local_task_job.py:146} INFO - Task exited with return code 0
