[2024-09-15 15:56:16,898] {taskinstance.py:851} INFO - Dependencies all met for <TaskInstance: example_bash_operator.runme_2 2024-09-14T00:00:00+00:00 [queued]>
[2024-09-15 15:56:16,960] {taskinstance.py:851} INFO - Dependencies all met for <TaskInstance: example_bash_operator.runme_2 2024-09-14T00:00:00+00:00 [queued]>
[2024-09-15 15:56:16,960] {taskinstance.py:1042} INFO - 
--------------------------------------------------------------------------------
[2024-09-15 15:56:16,961] {taskinstance.py:1043} INFO - Starting attempt 1 of 1
[2024-09-15 15:56:16,961] {taskinstance.py:1044} INFO - 
--------------------------------------------------------------------------------
[2024-09-15 15:56:16,993] {taskinstance.py:1063} INFO - Executing <Task(BashOperator): runme_2> on 2024-09-14T00:00:00+00:00
[2024-09-15 15:56:17,005] {standard_task_runner.py:52} INFO - Started process 61 to run task
[2024-09-15 15:56:17,014] {standard_task_runner.py:76} INFO - Running: ['airflow', 'tasks', 'run', 'example_bash_operator', 'runme_2', '2024-09-14T00:00:00+00:00', '--job-id', '77', '--pool', 'default_pool', '--raw', '--subdir', '/home/airflow/.local/lib/python3.6/site-packages/airflow/example_dags/example_bash_operator.py', '--cfg-path', '/tmp/tmpzhkdcyt4', '--error-file', '/tmp/tmp97p7m7nh']
[2024-09-15 15:56:17,015] {standard_task_runner.py:77} INFO - Job 77: Subtask runme_2
[2024-09-15 15:56:17,099] {logging_mixin.py:104} INFO - Running <TaskInstance: example_bash_operator.runme_2 2024-09-14T00:00:00+00:00 [running]> on host 329bc9b18b64
[2024-09-15 15:56:17,191] {taskinstance.py:1257} INFO - Exporting the following env vars:
AIRFLOW_CTX_DAG_OWNER=airflow
AIRFLOW_CTX_DAG_ID=example_bash_operator
AIRFLOW_CTX_TASK_ID=runme_2
AIRFLOW_CTX_EXECUTION_DATE=2024-09-14T00:00:00+00:00
AIRFLOW_CTX_DAG_RUN_ID=scheduled__2024-09-14T00:00:00+00:00
[2024-09-15 15:56:17,192] {bash.py:135} INFO - Tmp dir root location: 
 /tmp
[2024-09-15 15:56:17,193] {bash.py:158} INFO - Running command: echo "example_bash_operator__runme_2__20240914" && sleep 1
[2024-09-15 15:56:17,211] {bash.py:169} INFO - Output:
[2024-09-15 15:56:17,212] {bash.py:173} INFO - example_bash_operator__runme_2__20240914
[2024-09-15 15:56:18,214] {bash.py:177} INFO - Command exited with return code 0
[2024-09-15 15:56:18,245] {taskinstance.py:1166} INFO - Marking task as SUCCESS. dag_id=example_bash_operator, task_id=runme_2, execution_date=20240914T000000, start_date=20240915T155616, end_date=20240915T155618
[2024-09-15 15:56:18,279] {taskinstance.py:1220} INFO - 0 downstream tasks scheduled from follow-on schedule check
[2024-09-15 15:56:18,326] {local_task_job.py:146} INFO - Task exited with return code 0
