[2024-09-30 04:19:32,202] {taskinstance.py:851} INFO - Dependencies all met for <TaskInstance: fetch_and_store_amazon_books.fetch_book_data 2024-09-29T00:00:00+00:00 [queued]>
[2024-09-30 04:19:32,209] {taskinstance.py:851} INFO - Dependencies all met for <TaskInstance: fetch_and_store_amazon_books.fetch_book_data 2024-09-29T00:00:00+00:00 [queued]>
[2024-09-30 04:19:32,209] {taskinstance.py:1042} INFO - 
--------------------------------------------------------------------------------
[2024-09-30 04:19:32,209] {taskinstance.py:1043} INFO - Starting attempt 2 of 2
[2024-09-30 04:19:32,209] {taskinstance.py:1044} INFO - 
--------------------------------------------------------------------------------
[2024-09-30 04:19:32,219] {taskinstance.py:1063} INFO - Executing <Task(PythonOperator): fetch_book_data> on 2024-09-29T00:00:00+00:00
[2024-09-30 04:19:32,222] {standard_task_runner.py:52} INFO - Started process 59 to run task
[2024-09-30 04:19:32,225] {standard_task_runner.py:76} INFO - Running: ['airflow', 'tasks', 'run', 'fetch_and_store_amazon_books', 'fetch_book_data', '2024-09-29T00:00:00+00:00', '--job-id', '360', '--pool', 'default_pool', '--raw', '--subdir', 'DAGS_FOLDER/dag.py', '--cfg-path', '/tmp/tmp3xbltr8j', '--error-file', '/tmp/tmpqfd69jav']
[2024-09-30 04:19:32,226] {standard_task_runner.py:77} INFO - Job 360: Subtask fetch_book_data
[2024-09-30 04:19:32,253] {logging_mixin.py:104} INFO - Running <TaskInstance: fetch_and_store_amazon_books.fetch_book_data 2024-09-29T00:00:00+00:00 [running]> on host 93d2902cde66
[2024-09-30 04:19:32,277] {taskinstance.py:1257} INFO - Exporting the following env vars:
AIRFLOW_CTX_DAG_OWNER=airflow
AIRFLOW_CTX_DAG_ID=fetch_and_store_amazon_books
AIRFLOW_CTX_TASK_ID=fetch_book_data
AIRFLOW_CTX_EXECUTION_DATE=2024-09-29T00:00:00+00:00
AIRFLOW_CTX_DAG_RUN_ID=scheduled__2024-09-29T00:00:00+00:00
[2024-09-30 04:19:33,054] {logging_mixin.py:104} INFO - Failed to retrieve the page
[2024-09-30 04:19:33,078] {python.py:118} INFO - Done. Returned value was: None
[2024-09-30 04:19:33,092] {taskinstance.py:1166} INFO - Marking task as SUCCESS. dag_id=fetch_and_store_amazon_books, task_id=fetch_book_data, execution_date=20240929T000000, start_date=20240930T041932, end_date=20240930T041933
[2024-09-30 04:19:33,132] {taskinstance.py:1220} INFO - 1 downstream tasks scheduled from follow-on schedule check
[2024-09-30 04:19:33,160] {local_task_job.py:146} INFO - Task exited with return code 0
