[2024-09-20 02:18:18,280] {taskinstance.py:851} INFO - Dependencies all met for <TaskInstance: example_bash_operator.runme_0 2024-09-15T00:00:00+00:00 [queued]>
[2024-09-20 02:18:18,340] {taskinstance.py:851} INFO - Dependencies all met for <TaskInstance: example_bash_operator.runme_0 2024-09-15T00:00:00+00:00 [queued]>
[2024-09-20 02:18:18,350] {taskinstance.py:1042} INFO - 
--------------------------------------------------------------------------------
[2024-09-20 02:18:18,350] {taskinstance.py:1043} INFO - Starting attempt 1 of 1
[2024-09-20 02:18:18,350] {taskinstance.py:1044} INFO - 
--------------------------------------------------------------------------------
[2024-09-20 02:18:18,485] {taskinstance.py:1063} INFO - Executing <Task(BashOperator): runme_0> on 2024-09-15T00:00:00+00:00
[2024-09-20 02:18:18,527] {standard_task_runner.py:76} INFO - Running: ['airflow', 'tasks', 'run', 'example_bash_operator', 'runme_0', '2024-09-15T00:00:00+00:00', '--job-id', '118', '--pool', 'default_pool', '--raw', '--subdir', '/home/airflow/.local/lib/python3.6/site-packages/airflow/example_dags/example_bash_operator.py', '--cfg-path', '/tmp/tmpum_kwg03', '--error-file', '/tmp/tmpz8mz0l5d']
[2024-09-20 02:18:18,529] {standard_task_runner.py:77} INFO - Job 118: Subtask runme_0
[2024-09-20 02:18:18,517] {standard_task_runner.py:52} INFO - Started process 80 to run task
[2024-09-20 02:18:18,782] {logging_mixin.py:104} INFO - Running <TaskInstance: example_bash_operator.runme_0 2024-09-15T00:00:00+00:00 [running]> on host c2fa25c01628
[2024-09-20 02:18:19,070] {taskinstance.py:1257} INFO - Exporting the following env vars:
AIRFLOW_CTX_DAG_OWNER=airflow
AIRFLOW_CTX_DAG_ID=example_bash_operator
AIRFLOW_CTX_TASK_ID=runme_0
AIRFLOW_CTX_EXECUTION_DATE=2024-09-15T00:00:00+00:00
AIRFLOW_CTX_DAG_RUN_ID=scheduled__2024-09-15T00:00:00+00:00
[2024-09-20 02:18:19,083] {bash.py:135} INFO - Tmp dir root location: 
 /tmp
[2024-09-20 02:18:19,099] {bash.py:158} INFO - Running command: echo "example_bash_operator__runme_0__20240915" && sleep 1
[2024-09-20 02:18:19,266] {bash.py:169} INFO - Output:
[2024-09-20 02:18:19,291] {bash.py:173} INFO - example_bash_operator__runme_0__20240915
[2024-09-20 02:18:20,334] {bash.py:177} INFO - Command exited with return code 0
[2024-09-20 02:18:22,040] {taskinstance.py:1166} INFO - Marking task as SUCCESS. dag_id=example_bash_operator, task_id=runme_0, execution_date=20240915T000000, start_date=20240920T021818, end_date=20240920T021822
[2024-09-20 02:18:24,020] {taskinstance.py:1220} INFO - 0 downstream tasks scheduled from follow-on schedule check
[2024-09-20 02:18:24,451] {local_task_job.py:146} INFO - Task exited with return code 0
