[2024-09-25 15:43:47,845] {taskinstance.py:851} INFO - Dependencies all met for <TaskInstance: example_bash_operator.also_run_this 2024-09-24T00:00:00+00:00 [queued]>
[2024-09-25 15:43:47,874] {taskinstance.py:851} INFO - Dependencies all met for <TaskInstance: example_bash_operator.also_run_this 2024-09-24T00:00:00+00:00 [queued]>
[2024-09-25 15:43:47,875] {taskinstance.py:1042} INFO - 
--------------------------------------------------------------------------------
[2024-09-25 15:43:47,875] {taskinstance.py:1043} INFO - Starting attempt 1 of 1
[2024-09-25 15:43:47,875] {taskinstance.py:1044} INFO - 
--------------------------------------------------------------------------------
[2024-09-25 15:43:47,916] {taskinstance.py:1063} INFO - Executing <Task(BashOperator): also_run_this> on 2024-09-24T00:00:00+00:00
[2024-09-25 15:43:47,954] {standard_task_runner.py:76} INFO - Running: ['airflow', 'tasks', 'run', 'example_bash_operator', 'also_run_this', '2024-09-24T00:00:00+00:00', '--job-id', '304', '--pool', 'default_pool', '--raw', '--subdir', '/home/airflow/.local/lib/python3.6/site-packages/airflow/example_dags/example_bash_operator.py', '--cfg-path', '/tmp/tmp_pl4x2ig', '--error-file', '/tmp/tmpuiwf9g9w']
[2024-09-25 15:43:47,955] {standard_task_runner.py:77} INFO - Job 304: Subtask also_run_this
[2024-09-25 15:43:47,934] {standard_task_runner.py:52} INFO - Started process 50 to run task
[2024-09-25 15:43:48,075] {logging_mixin.py:104} INFO - Running <TaskInstance: example_bash_operator.also_run_this 2024-09-24T00:00:00+00:00 [running]> on host 93d2902cde66
[2024-09-25 15:43:48,216] {taskinstance.py:1257} INFO - Exporting the following env vars:
AIRFLOW_CTX_DAG_OWNER=airflow
AIRFLOW_CTX_DAG_ID=example_bash_operator
AIRFLOW_CTX_TASK_ID=also_run_this
AIRFLOW_CTX_EXECUTION_DATE=2024-09-24T00:00:00+00:00
AIRFLOW_CTX_DAG_RUN_ID=scheduled__2024-09-24T00:00:00+00:00
[2024-09-25 15:43:48,217] {bash.py:135} INFO - Tmp dir root location: 
 /tmp
[2024-09-25 15:43:48,218] {bash.py:158} INFO - Running command: echo "run_id=scheduled__2024-09-24T00:00:00+00:00 | dag_run=<DagRun example_bash_operator @ 2024-09-24 00:00:00+00:00: scheduled__2024-09-24T00:00:00+00:00, externally triggered: False>"
[2024-09-25 15:43:48,236] {bash.py:169} INFO - Output:
[2024-09-25 15:43:48,238] {bash.py:173} INFO - run_id=scheduled__2024-09-24T00:00:00+00:00 | dag_run=<DagRun example_bash_operator @ 2024-09-24 00:00:00+00:00: scheduled__2024-09-24T00:00:00+00:00, externally triggered: False>
[2024-09-25 15:43:48,239] {bash.py:177} INFO - Command exited with return code 0
[2024-09-25 15:43:48,311] {taskinstance.py:1166} INFO - Marking task as SUCCESS. dag_id=example_bash_operator, task_id=also_run_this, execution_date=20240924T000000, start_date=20240925T154347, end_date=20240925T154348
[2024-09-25 15:43:48,373] {taskinstance.py:1220} INFO - 0 downstream tasks scheduled from follow-on schedule check
[2024-09-25 15:43:48,422] {local_task_job.py:146} INFO - Task exited with return code 0
