[2024-09-15 15:56:17,343] {taskinstance.py:851} INFO - Dependencies all met for <TaskInstance: example_bash_operator.run_after_loop 2024-09-13T00:00:00+00:00 [queued]>
[2024-09-15 15:56:17,360] {taskinstance.py:851} INFO - Dependencies all met for <TaskInstance: example_bash_operator.run_after_loop 2024-09-13T00:00:00+00:00 [queued]>
[2024-09-15 15:56:17,361] {taskinstance.py:1042} INFO - 
--------------------------------------------------------------------------------
[2024-09-15 15:56:17,361] {taskinstance.py:1043} INFO - Starting attempt 1 of 1
[2024-09-15 15:56:17,361] {taskinstance.py:1044} INFO - 
--------------------------------------------------------------------------------
[2024-09-15 15:56:17,368] {taskinstance.py:1063} INFO - Executing <Task(BashOperator): run_after_loop> on 2024-09-13T00:00:00+00:00
[2024-09-15 15:56:17,374] {standard_task_runner.py:52} INFO - Started process 66 to run task
[2024-09-15 15:56:17,378] {standard_task_runner.py:76} INFO - Running: ['airflow', 'tasks', 'run', 'example_bash_operator', 'run_after_loop', '2024-09-13T00:00:00+00:00', '--job-id', '78', '--pool', 'default_pool', '--raw', '--subdir', '/home/airflow/.local/lib/python3.6/site-packages/airflow/example_dags/example_bash_operator.py', '--cfg-path', '/tmp/tmpx1ujueiu', '--error-file', '/tmp/tmpu7js85nt']
[2024-09-15 15:56:17,378] {standard_task_runner.py:77} INFO - Job 78: Subtask run_after_loop
[2024-09-15 15:56:17,444] {logging_mixin.py:104} INFO - Running <TaskInstance: example_bash_operator.run_after_loop 2024-09-13T00:00:00+00:00 [running]> on host 329bc9b18b64
[2024-09-15 15:56:17,506] {taskinstance.py:1257} INFO - Exporting the following env vars:
AIRFLOW_CTX_DAG_OWNER=airflow
AIRFLOW_CTX_DAG_ID=example_bash_operator
AIRFLOW_CTX_TASK_ID=run_after_loop
AIRFLOW_CTX_EXECUTION_DATE=2024-09-13T00:00:00+00:00
AIRFLOW_CTX_DAG_RUN_ID=scheduled__2024-09-13T00:00:00+00:00
[2024-09-15 15:56:17,508] {bash.py:135} INFO - Tmp dir root location: 
 /tmp
[2024-09-15 15:56:17,510] {bash.py:158} INFO - Running command: echo 1
[2024-09-15 15:56:17,519] {bash.py:169} INFO - Output:
[2024-09-15 15:56:17,520] {bash.py:173} INFO - 1
[2024-09-15 15:56:17,521] {bash.py:177} INFO - Command exited with return code 0
[2024-09-15 15:56:17,547] {taskinstance.py:1166} INFO - Marking task as SUCCESS. dag_id=example_bash_operator, task_id=run_after_loop, execution_date=20240913T000000, start_date=20240915T155617, end_date=20240915T155617
[2024-09-15 15:56:17,580] {taskinstance.py:1220} INFO - 1 downstream tasks scheduled from follow-on schedule check
[2024-09-15 15:56:17,592] {local_task_job.py:146} INFO - Task exited with return code 0
