[2024-09-15 15:56:15,189] {taskinstance.py:851} INFO - Dependencies all met for <TaskInstance: example_bash_operator.runme_0 2024-09-13T00:00:00+00:00 [queued]>
[2024-09-15 15:56:15,231] {taskinstance.py:851} INFO - Dependencies all met for <TaskInstance: example_bash_operator.runme_0 2024-09-13T00:00:00+00:00 [queued]>
[2024-09-15 15:56:15,231] {taskinstance.py:1042} INFO - 
--------------------------------------------------------------------------------
[2024-09-15 15:56:15,231] {taskinstance.py:1043} INFO - Starting attempt 1 of 1
[2024-09-15 15:56:15,231] {taskinstance.py:1044} INFO - 
--------------------------------------------------------------------------------
[2024-09-15 15:56:15,254] {taskinstance.py:1063} INFO - Executing <Task(BashOperator): runme_0> on 2024-09-13T00:00:00+00:00
[2024-09-15 15:56:15,275] {standard_task_runner.py:76} INFO - Running: ['airflow', 'tasks', 'run', 'example_bash_operator', 'runme_0', '2024-09-13T00:00:00+00:00', '--job-id', '73', '--pool', 'default_pool', '--raw', '--subdir', '/home/airflow/.local/lib/python3.6/site-packages/airflow/example_dags/example_bash_operator.py', '--cfg-path', '/tmp/tmpoghxozs5', '--error-file', '/tmp/tmpzahfmtov']
[2024-09-15 15:56:15,277] {standard_task_runner.py:77} INFO - Job 73: Subtask runme_0
[2024-09-15 15:56:15,266] {standard_task_runner.py:52} INFO - Started process 48 to run task
[2024-09-15 15:56:15,346] {logging_mixin.py:104} INFO - Running <TaskInstance: example_bash_operator.runme_0 2024-09-13T00:00:00+00:00 [running]> on host 329bc9b18b64
[2024-09-15 15:56:15,392] {taskinstance.py:1257} INFO - Exporting the following env vars:
AIRFLOW_CTX_DAG_OWNER=airflow
AIRFLOW_CTX_DAG_ID=example_bash_operator
AIRFLOW_CTX_TASK_ID=runme_0
AIRFLOW_CTX_EXECUTION_DATE=2024-09-13T00:00:00+00:00
AIRFLOW_CTX_DAG_RUN_ID=scheduled__2024-09-13T00:00:00+00:00
[2024-09-15 15:56:15,393] {bash.py:135} INFO - Tmp dir root location: 
 /tmp
[2024-09-15 15:56:15,394] {bash.py:158} INFO - Running command: echo "example_bash_operator__runme_0__20240913" && sleep 1
[2024-09-15 15:56:15,403] {bash.py:169} INFO - Output:
[2024-09-15 15:56:15,404] {bash.py:173} INFO - example_bash_operator__runme_0__20240913
[2024-09-15 15:56:16,406] {bash.py:177} INFO - Command exited with return code 0
[2024-09-15 15:56:16,467] {taskinstance.py:1166} INFO - Marking task as SUCCESS. dag_id=example_bash_operator, task_id=runme_0, execution_date=20240913T000000, start_date=20240915T155615, end_date=20240915T155616
[2024-09-15 15:56:16,553] {taskinstance.py:1220} INFO - 0 downstream tasks scheduled from follow-on schedule check
[2024-09-15 15:56:16,583] {local_task_job.py:146} INFO - Task exited with return code 0
