[2024-09-30 03:58:06,121] {taskinstance.py:851} INFO - Dependencies all met for <TaskInstance: example_bash_operator.runme_1 2024-09-29T00:00:00+00:00 [queued]>
[2024-09-30 03:58:06,144] {taskinstance.py:851} INFO - Dependencies all met for <TaskInstance: example_bash_operator.runme_1 2024-09-29T00:00:00+00:00 [queued]>
[2024-09-30 03:58:06,144] {taskinstance.py:1042} INFO - 
--------------------------------------------------------------------------------
[2024-09-30 03:58:06,144] {taskinstance.py:1043} INFO - Starting attempt 1 of 1
[2024-09-30 03:58:06,144] {taskinstance.py:1044} INFO - 
--------------------------------------------------------------------------------
[2024-09-30 03:58:06,182] {taskinstance.py:1063} INFO - Executing <Task(BashOperator): runme_1> on 2024-09-29T00:00:00+00:00
[2024-09-30 03:58:06,192] {standard_task_runner.py:52} INFO - Started process 46 to run task
[2024-09-30 03:58:06,206] {standard_task_runner.py:76} INFO - Running: ['airflow', 'tasks', 'run', 'example_bash_operator', 'runme_1', '2024-09-29T00:00:00+00:00', '--job-id', '354', '--pool', 'default_pool', '--raw', '--subdir', '/home/airflow/.local/lib/python3.6/site-packages/airflow/example_dags/example_bash_operator.py', '--cfg-path', '/tmp/tmpdiombi40', '--error-file', '/tmp/tmpxk7eg7lu']
[2024-09-30 03:58:06,208] {standard_task_runner.py:77} INFO - Job 354: Subtask runme_1
[2024-09-30 03:58:06,382] {logging_mixin.py:104} INFO - Running <TaskInstance: example_bash_operator.runme_1 2024-09-29T00:00:00+00:00 [running]> on host 93d2902cde66
[2024-09-30 03:58:06,598] {taskinstance.py:1257} INFO - Exporting the following env vars:
AIRFLOW_CTX_DAG_OWNER=airflow
AIRFLOW_CTX_DAG_ID=example_bash_operator
AIRFLOW_CTX_TASK_ID=runme_1
AIRFLOW_CTX_EXECUTION_DATE=2024-09-29T00:00:00+00:00
AIRFLOW_CTX_DAG_RUN_ID=scheduled__2024-09-29T00:00:00+00:00
[2024-09-30 03:58:06,599] {bash.py:135} INFO - Tmp dir root location: 
 /tmp
[2024-09-30 03:58:06,601] {bash.py:158} INFO - Running command: echo "example_bash_operator__runme_1__20240929" && sleep 1
[2024-09-30 03:58:06,626] {bash.py:169} INFO - Output:
[2024-09-30 03:58:06,626] {bash.py:173} INFO - example_bash_operator__runme_1__20240929
[2024-09-30 03:58:07,634] {bash.py:177} INFO - Command exited with return code 0
[2024-09-30 03:58:07,724] {taskinstance.py:1166} INFO - Marking task as SUCCESS. dag_id=example_bash_operator, task_id=runme_1, execution_date=20240929T000000, start_date=20240930T035806, end_date=20240930T035807
[2024-09-30 03:58:07,839] {taskinstance.py:1220} INFO - 0 downstream tasks scheduled from follow-on schedule check
[2024-09-30 03:58:07,913] {local_task_job.py:146} INFO - Task exited with return code 0
