[2024-09-20 02:18:18,573] {taskinstance.py:851} INFO - Dependencies all met for <TaskInstance: example_bash_operator.runme_2 2024-09-19T00:00:00+00:00 [queued]>
[2024-09-20 02:18:18,616] {taskinstance.py:851} INFO - Dependencies all met for <TaskInstance: example_bash_operator.runme_2 2024-09-19T00:00:00+00:00 [queued]>
[2024-09-20 02:18:18,616] {taskinstance.py:1042} INFO - 
--------------------------------------------------------------------------------
[2024-09-20 02:18:18,617] {taskinstance.py:1043} INFO - Starting attempt 1 of 1
[2024-09-20 02:18:18,617] {taskinstance.py:1044} INFO - 
--------------------------------------------------------------------------------
[2024-09-20 02:18:18,717] {taskinstance.py:1063} INFO - Executing <Task(BashOperator): runme_2> on 2024-09-19T00:00:00+00:00
[2024-09-20 02:18:18,756] {standard_task_runner.py:76} INFO - Running: ['airflow', 'tasks', 'run', 'example_bash_operator', 'runme_2', '2024-09-19T00:00:00+00:00', '--job-id', '119', '--pool', 'default_pool', '--raw', '--subdir', '/home/airflow/.local/lib/python3.6/site-packages/airflow/example_dags/example_bash_operator.py', '--cfg-path', '/tmp/tmpmwe_r1q6', '--error-file', '/tmp/tmpb4k0pc1b']
[2024-09-20 02:18:18,757] {standard_task_runner.py:77} INFO - Job 119: Subtask runme_2
[2024-09-20 02:18:18,741] {standard_task_runner.py:52} INFO - Started process 85 to run task
[2024-09-20 02:18:19,075] {logging_mixin.py:104} INFO - Running <TaskInstance: example_bash_operator.runme_2 2024-09-19T00:00:00+00:00 [running]> on host c2fa25c01628
[2024-09-20 02:18:20,219] {taskinstance.py:1257} INFO - Exporting the following env vars:
AIRFLOW_CTX_DAG_OWNER=airflow
AIRFLOW_CTX_DAG_ID=example_bash_operator
AIRFLOW_CTX_TASK_ID=runme_2
AIRFLOW_CTX_EXECUTION_DATE=2024-09-19T00:00:00+00:00
AIRFLOW_CTX_DAG_RUN_ID=scheduled__2024-09-19T00:00:00+00:00
[2024-09-20 02:18:20,242] {bash.py:135} INFO - Tmp dir root location: 
 /tmp
[2024-09-20 02:18:20,274] {bash.py:158} INFO - Running command: echo "example_bash_operator__runme_2__20240919" && sleep 1
[2024-09-20 02:18:20,635] {bash.py:169} INFO - Output:
[2024-09-20 02:18:20,902] {bash.py:173} INFO - example_bash_operator__runme_2__20240919
[2024-09-20 02:18:22,004] {bash.py:177} INFO - Command exited with return code 0
[2024-09-20 02:18:23,480] {taskinstance.py:1166} INFO - Marking task as SUCCESS. dag_id=example_bash_operator, task_id=runme_2, execution_date=20240919T000000, start_date=20240920T021818, end_date=20240920T021823
[2024-09-20 02:18:24,167] {taskinstance.py:1220} INFO - 1 downstream tasks scheduled from follow-on schedule check
[2024-09-20 02:18:24,459] {local_task_job.py:146} INFO - Task exited with return code 0
