[2024-09-28 04:19:10,325] {taskinstance.py:851} INFO - Dependencies all met for <TaskInstance: example_bash_operator.runme_0 2024-09-27T00:00:00+00:00 [queued]>
[2024-09-28 04:19:10,359] {taskinstance.py:851} INFO - Dependencies all met for <TaskInstance: example_bash_operator.runme_0 2024-09-27T00:00:00+00:00 [queued]>
[2024-09-28 04:19:10,360] {taskinstance.py:1042} INFO - 
--------------------------------------------------------------------------------
[2024-09-28 04:19:10,360] {taskinstance.py:1043} INFO - Starting attempt 1 of 1
[2024-09-28 04:19:10,360] {taskinstance.py:1044} INFO - 
--------------------------------------------------------------------------------
[2024-09-28 04:19:10,379] {taskinstance.py:1063} INFO - Executing <Task(BashOperator): runme_0> on 2024-09-27T00:00:00+00:00
[2024-09-28 04:19:10,386] {standard_task_runner.py:52} INFO - Started process 53 to run task
[2024-09-28 04:19:10,397] {standard_task_runner.py:76} INFO - Running: ['airflow', 'tasks', 'run', 'example_bash_operator', 'runme_0', '2024-09-27T00:00:00+00:00', '--job-id', '338', '--pool', 'default_pool', '--raw', '--subdir', '/home/airflow/.local/lib/python3.6/site-packages/airflow/example_dags/example_bash_operator.py', '--cfg-path', '/tmp/tmpb2hg2fuk', '--error-file', '/tmp/tmp4yeokjvi']
[2024-09-28 04:19:10,398] {standard_task_runner.py:77} INFO - Job 338: Subtask runme_0
[2024-09-28 04:19:10,487] {logging_mixin.py:104} INFO - Running <TaskInstance: example_bash_operator.runme_0 2024-09-27T00:00:00+00:00 [running]> on host 93d2902cde66
[2024-09-28 04:19:10,605] {taskinstance.py:1257} INFO - Exporting the following env vars:
AIRFLOW_CTX_DAG_OWNER=airflow
AIRFLOW_CTX_DAG_ID=example_bash_operator
AIRFLOW_CTX_TASK_ID=runme_0
AIRFLOW_CTX_EXECUTION_DATE=2024-09-27T00:00:00+00:00
AIRFLOW_CTX_DAG_RUN_ID=scheduled__2024-09-27T00:00:00+00:00
[2024-09-28 04:19:10,606] {bash.py:135} INFO - Tmp dir root location: 
 /tmp
[2024-09-28 04:19:10,607] {bash.py:158} INFO - Running command: echo "example_bash_operator__runme_0__20240927" && sleep 1
[2024-09-28 04:19:10,634] {bash.py:169} INFO - Output:
[2024-09-28 04:19:10,637] {bash.py:173} INFO - example_bash_operator__runme_0__20240927
[2024-09-28 04:19:11,638] {bash.py:177} INFO - Command exited with return code 0
[2024-09-28 04:19:11,677] {taskinstance.py:1166} INFO - Marking task as SUCCESS. dag_id=example_bash_operator, task_id=runme_0, execution_date=20240927T000000, start_date=20240928T041910, end_date=20240928T041911
[2024-09-28 04:19:11,732] {taskinstance.py:1220} INFO - 0 downstream tasks scheduled from follow-on schedule check
[2024-09-28 04:19:11,772] {local_task_job.py:146} INFO - Task exited with return code 0
