[2024-09-27 03:03:16,771] {taskinstance.py:851} INFO - Dependencies all met for <TaskInstance: fetch_and_store_amazon_books.fetch_book_data 2024-09-26T00:00:00+00:00 [queued]>
[2024-09-27 03:03:16,804] {taskinstance.py:851} INFO - Dependencies all met for <TaskInstance: fetch_and_store_amazon_books.fetch_book_data 2024-09-26T00:00:00+00:00 [queued]>
[2024-09-27 03:03:16,804] {taskinstance.py:1042} INFO - 
--------------------------------------------------------------------------------
[2024-09-27 03:03:16,805] {taskinstance.py:1043} INFO - Starting attempt 1 of 2
[2024-09-27 03:03:16,805] {taskinstance.py:1044} INFO - 
--------------------------------------------------------------------------------
[2024-09-27 03:03:16,835] {taskinstance.py:1063} INFO - Executing <Task(PythonOperator): fetch_book_data> on 2024-09-26T00:00:00+00:00
[2024-09-27 03:03:16,847] {standard_task_runner.py:52} INFO - Started process 56 to run task
[2024-09-27 03:03:16,858] {standard_task_runner.py:76} INFO - Running: ['airflow', 'tasks', 'run', 'fetch_and_store_amazon_books', 'fetch_book_data', '2024-09-26T00:00:00+00:00', '--job-id', '328', '--pool', 'default_pool', '--raw', '--subdir', 'DAGS_FOLDER/dag.py', '--cfg-path', '/tmp/tmp8qla0blm', '--error-file', '/tmp/tmp58pypobf']
[2024-09-27 03:03:16,859] {standard_task_runner.py:77} INFO - Job 328: Subtask fetch_book_data
[2024-09-27 03:03:17,072] {logging_mixin.py:104} INFO - Running <TaskInstance: fetch_and_store_amazon_books.fetch_book_data 2024-09-26T00:00:00+00:00 [running]> on host 93d2902cde66
[2024-09-27 03:03:17,218] {taskinstance.py:1257} INFO - Exporting the following env vars:
AIRFLOW_CTX_DAG_OWNER=airflow
AIRFLOW_CTX_DAG_ID=fetch_and_store_amazon_books
AIRFLOW_CTX_TASK_ID=fetch_book_data
AIRFLOW_CTX_EXECUTION_DATE=2024-09-26T00:00:00+00:00
AIRFLOW_CTX_DAG_RUN_ID=scheduled__2024-09-26T00:00:00+00:00
[2024-09-27 03:03:18,189] {logging_mixin.py:104} INFO - Failed to retrieve the page
[2024-09-27 03:03:18,232] {python.py:118} INFO - Done. Returned value was: None
[2024-09-27 03:03:18,249] {taskinstance.py:1166} INFO - Marking task as SUCCESS. dag_id=fetch_and_store_amazon_books, task_id=fetch_book_data, execution_date=20240926T000000, start_date=20240927T030316, end_date=20240927T030318
[2024-09-27 03:03:18,327] {taskinstance.py:1220} INFO - 1 downstream tasks scheduled from follow-on schedule check
[2024-09-27 03:03:18,369] {local_task_job.py:146} INFO - Task exited with return code 0
