[2024-09-25 15:43:48,883] {taskinstance.py:851} INFO - Dependencies all met for <TaskInstance: fetch_and_store_amazon_books.fetch_book_data 2024-09-24T00:00:00+00:00 [queued]>
[2024-09-25 15:43:48,900] {taskinstance.py:851} INFO - Dependencies all met for <TaskInstance: fetch_and_store_amazon_books.fetch_book_data 2024-09-24T00:00:00+00:00 [queued]>
[2024-09-25 15:43:48,900] {taskinstance.py:1042} INFO - 
--------------------------------------------------------------------------------
[2024-09-25 15:43:48,901] {taskinstance.py:1043} INFO - Starting attempt 1 of 2
[2024-09-25 15:43:48,901] {taskinstance.py:1044} INFO - 
--------------------------------------------------------------------------------
[2024-09-25 15:43:48,921] {taskinstance.py:1063} INFO - Executing <Task(PythonOperator): fetch_book_data> on 2024-09-24T00:00:00+00:00
[2024-09-25 15:43:48,928] {standard_task_runner.py:52} INFO - Started process 55 to run task
[2024-09-25 15:43:48,935] {standard_task_runner.py:76} INFO - Running: ['airflow', 'tasks', 'run', 'fetch_and_store_amazon_books', 'fetch_book_data', '2024-09-24T00:00:00+00:00', '--job-id', '305', '--pool', 'default_pool', '--raw', '--subdir', 'DAGS_FOLDER/dag.py', '--cfg-path', '/tmp/tmpsfahn617', '--error-file', '/tmp/tmpcq9evs8u']
[2024-09-25 15:43:48,936] {standard_task_runner.py:77} INFO - Job 305: Subtask fetch_book_data
[2024-09-25 15:43:49,026] {logging_mixin.py:104} INFO - Running <TaskInstance: fetch_and_store_amazon_books.fetch_book_data 2024-09-24T00:00:00+00:00 [running]> on host 93d2902cde66
[2024-09-25 15:43:49,136] {taskinstance.py:1257} INFO - Exporting the following env vars:
AIRFLOW_CTX_DAG_OWNER=airflow
AIRFLOW_CTX_DAG_ID=fetch_and_store_amazon_books
AIRFLOW_CTX_TASK_ID=fetch_book_data
AIRFLOW_CTX_EXECUTION_DATE=2024-09-24T00:00:00+00:00
AIRFLOW_CTX_DAG_RUN_ID=scheduled__2024-09-24T00:00:00+00:00
[2024-09-25 15:43:49,503] {logging_mixin.py:104} INFO - Failed to retrieve the page
[2024-09-25 15:43:49,534] {python.py:118} INFO - Done. Returned value was: None
[2024-09-25 15:43:49,549] {taskinstance.py:1166} INFO - Marking task as SUCCESS. dag_id=fetch_and_store_amazon_books, task_id=fetch_book_data, execution_date=20240924T000000, start_date=20240925T154348, end_date=20240925T154349
[2024-09-25 15:43:49,598] {taskinstance.py:1220} INFO - 1 downstream tasks scheduled from follow-on schedule check
[2024-09-25 15:43:49,631] {local_task_job.py:146} INFO - Task exited with return code 0
