[2024-09-24 04:33:56,676] {taskinstance.py:851} INFO - Dependencies all met for <TaskInstance: example_bash_operator.runme_1 2024-09-23T00:00:00+00:00 [queued]>
[2024-09-24 04:33:56,713] {taskinstance.py:851} INFO - Dependencies all met for <TaskInstance: example_bash_operator.runme_1 2024-09-23T00:00:00+00:00 [queued]>
[2024-09-24 04:33:56,714] {taskinstance.py:1042} INFO - 
--------------------------------------------------------------------------------
[2024-09-24 04:33:56,714] {taskinstance.py:1043} INFO - Starting attempt 1 of 1
[2024-09-24 04:33:56,714] {taskinstance.py:1044} INFO - 
--------------------------------------------------------------------------------
[2024-09-24 04:33:56,731] {taskinstance.py:1063} INFO - Executing <Task(BashOperator): runme_1> on 2024-09-23T00:00:00+00:00
[2024-09-24 04:33:56,740] {standard_task_runner.py:52} INFO - Started process 48 to run task
[2024-09-24 04:33:56,747] {standard_task_runner.py:76} INFO - Running: ['airflow', 'tasks', 'run', 'example_bash_operator', 'runme_1', '2024-09-23T00:00:00+00:00', '--job-id', '291', '--pool', 'default_pool', '--raw', '--subdir', '/home/airflow/.local/lib/python3.6/site-packages/airflow/example_dags/example_bash_operator.py', '--cfg-path', '/tmp/tmpndqlitie', '--error-file', '/tmp/tmpial7yur5']
[2024-09-24 04:33:56,748] {standard_task_runner.py:77} INFO - Job 291: Subtask runme_1
[2024-09-24 04:33:58,073] {logging_mixin.py:104} INFO - Running <TaskInstance: example_bash_operator.runme_1 2024-09-23T00:00:00+00:00 [running]> on host 93d2902cde66
[2024-09-24 04:33:59,350] {taskinstance.py:1257} INFO - Exporting the following env vars:
AIRFLOW_CTX_DAG_OWNER=airflow
AIRFLOW_CTX_DAG_ID=example_bash_operator
AIRFLOW_CTX_TASK_ID=runme_1
AIRFLOW_CTX_EXECUTION_DATE=2024-09-23T00:00:00+00:00
AIRFLOW_CTX_DAG_RUN_ID=scheduled__2024-09-23T00:00:00+00:00
[2024-09-24 04:33:59,370] {bash.py:135} INFO - Tmp dir root location: 
 /tmp
[2024-09-24 04:33:59,385] {bash.py:158} INFO - Running command: echo "example_bash_operator__runme_1__20240923" && sleep 1
[2024-09-24 04:33:59,548] {bash.py:169} INFO - Output:
[2024-09-24 04:33:59,620] {bash.py:173} INFO - example_bash_operator__runme_1__20240923
[2024-09-24 04:34:00,653] {bash.py:177} INFO - Command exited with return code 0
[2024-09-24 04:34:01,621] {taskinstance.py:1166} INFO - Marking task as SUCCESS. dag_id=example_bash_operator, task_id=runme_1, execution_date=20240923T000000, start_date=20240924T043356, end_date=20240924T043401
[2024-09-24 04:34:02,214] {taskinstance.py:1220} INFO - 0 downstream tasks scheduled from follow-on schedule check
[2024-09-24 04:34:02,267] {local_task_job.py:146} INFO - Task exited with return code 0
