[2024-09-15 15:56:15,165] {taskinstance.py:851} INFO - Dependencies all met for <TaskInstance: example_bash_operator.runme_1 2024-09-13T00:00:00+00:00 [queued]>
[2024-09-15 15:56:15,216] {taskinstance.py:851} INFO - Dependencies all met for <TaskInstance: example_bash_operator.runme_1 2024-09-13T00:00:00+00:00 [queued]>
[2024-09-15 15:56:15,217] {taskinstance.py:1042} INFO - 
--------------------------------------------------------------------------------
[2024-09-15 15:56:15,217] {taskinstance.py:1043} INFO - Starting attempt 1 of 1
[2024-09-15 15:56:15,217] {taskinstance.py:1044} INFO - 
--------------------------------------------------------------------------------
[2024-09-15 15:56:15,236] {taskinstance.py:1063} INFO - Executing <Task(BashOperator): runme_1> on 2024-09-13T00:00:00+00:00
[2024-09-15 15:56:15,249] {standard_task_runner.py:52} INFO - Started process 46 to run task
[2024-09-15 15:56:15,259] {standard_task_runner.py:76} INFO - Running: ['airflow', 'tasks', 'run', 'example_bash_operator', 'runme_1', '2024-09-13T00:00:00+00:00', '--job-id', '72', '--pool', 'default_pool', '--raw', '--subdir', '/home/airflow/.local/lib/python3.6/site-packages/airflow/example_dags/example_bash_operator.py', '--cfg-path', '/tmp/tmpmlwaz2zv', '--error-file', '/tmp/tmpoapor8n_']
[2024-09-15 15:56:15,261] {standard_task_runner.py:77} INFO - Job 72: Subtask runme_1
[2024-09-15 15:56:15,340] {logging_mixin.py:104} INFO - Running <TaskInstance: example_bash_operator.runme_1 2024-09-13T00:00:00+00:00 [running]> on host 329bc9b18b64
[2024-09-15 15:56:15,382] {taskinstance.py:1257} INFO - Exporting the following env vars:
AIRFLOW_CTX_DAG_OWNER=airflow
AIRFLOW_CTX_DAG_ID=example_bash_operator
AIRFLOW_CTX_TASK_ID=runme_1
AIRFLOW_CTX_EXECUTION_DATE=2024-09-13T00:00:00+00:00
AIRFLOW_CTX_DAG_RUN_ID=scheduled__2024-09-13T00:00:00+00:00
[2024-09-15 15:56:15,383] {bash.py:135} INFO - Tmp dir root location: 
 /tmp
[2024-09-15 15:56:15,384] {bash.py:158} INFO - Running command: echo "example_bash_operator__runme_1__20240913" && sleep 1
[2024-09-15 15:56:15,395] {bash.py:169} INFO - Output:
[2024-09-15 15:56:15,396] {bash.py:173} INFO - example_bash_operator__runme_1__20240913
[2024-09-15 15:56:16,400] {bash.py:177} INFO - Command exited with return code 0
[2024-09-15 15:56:16,456] {taskinstance.py:1166} INFO - Marking task as SUCCESS. dag_id=example_bash_operator, task_id=runme_1, execution_date=20240913T000000, start_date=20240915T155615, end_date=20240915T155616
[2024-09-15 15:56:16,517] {taskinstance.py:1220} INFO - 1 downstream tasks scheduled from follow-on schedule check
[2024-09-15 15:56:16,559] {local_task_job.py:146} INFO - Task exited with return code 0
