[2024-09-30 03:58:06,563] {taskinstance.py:851} INFO - Dependencies all met for <TaskInstance: example_bash_operator.runme_2 2024-09-29T00:00:00+00:00 [queued]>
[2024-09-30 03:58:06,628] {taskinstance.py:851} INFO - Dependencies all met for <TaskInstance: example_bash_operator.runme_2 2024-09-29T00:00:00+00:00 [queued]>
[2024-09-30 03:58:06,628] {taskinstance.py:1042} INFO - 
--------------------------------------------------------------------------------
[2024-09-30 03:58:06,629] {taskinstance.py:1043} INFO - Starting attempt 1 of 1
[2024-09-30 03:58:06,629] {taskinstance.py:1044} INFO - 
--------------------------------------------------------------------------------
[2024-09-30 03:58:06,660] {taskinstance.py:1063} INFO - Executing <Task(BashOperator): runme_2> on 2024-09-29T00:00:00+00:00
[2024-09-30 03:58:06,670] {standard_task_runner.py:52} INFO - Started process 51 to run task
[2024-09-30 03:58:06,680] {standard_task_runner.py:76} INFO - Running: ['airflow', 'tasks', 'run', 'example_bash_operator', 'runme_2', '2024-09-29T00:00:00+00:00', '--job-id', '357', '--pool', 'default_pool', '--raw', '--subdir', '/home/airflow/.local/lib/python3.6/site-packages/airflow/example_dags/example_bash_operator.py', '--cfg-path', '/tmp/tmpytz4raip', '--error-file', '/tmp/tmpjq4xqxm_']
[2024-09-30 03:58:06,680] {standard_task_runner.py:77} INFO - Job 357: Subtask runme_2
[2024-09-30 03:58:06,775] {logging_mixin.py:104} INFO - Running <TaskInstance: example_bash_operator.runme_2 2024-09-29T00:00:00+00:00 [running]> on host 93d2902cde66
[2024-09-30 03:58:06,893] {taskinstance.py:1257} INFO - Exporting the following env vars:
AIRFLOW_CTX_DAG_OWNER=airflow
AIRFLOW_CTX_DAG_ID=example_bash_operator
AIRFLOW_CTX_TASK_ID=runme_2
AIRFLOW_CTX_EXECUTION_DATE=2024-09-29T00:00:00+00:00
AIRFLOW_CTX_DAG_RUN_ID=scheduled__2024-09-29T00:00:00+00:00
[2024-09-30 03:58:06,893] {bash.py:135} INFO - Tmp dir root location: 
 /tmp
[2024-09-30 03:58:06,894] {bash.py:158} INFO - Running command: echo "example_bash_operator__runme_2__20240929" && sleep 1
[2024-09-30 03:58:06,923] {bash.py:169} INFO - Output:
[2024-09-30 03:58:06,923] {bash.py:173} INFO - example_bash_operator__runme_2__20240929
[2024-09-30 03:58:07,927] {bash.py:177} INFO - Command exited with return code 0
[2024-09-30 03:58:08,010] {taskinstance.py:1166} INFO - Marking task as SUCCESS. dag_id=example_bash_operator, task_id=runme_2, execution_date=20240929T000000, start_date=20240930T035806, end_date=20240930T035808
[2024-09-30 03:58:08,077] {taskinstance.py:1220} INFO - 1 downstream tasks scheduled from follow-on schedule check
[2024-09-30 03:58:08,127] {local_task_job.py:146} INFO - Task exited with return code 0
