[2024-09-29 05:44:12,517] {taskinstance.py:851} INFO - Dependencies all met for <TaskInstance: example_bash_operator.run_after_loop 2024-09-28T00:00:00+00:00 [queued]>
[2024-09-29 05:44:12,599] {taskinstance.py:851} INFO - Dependencies all met for <TaskInstance: example_bash_operator.run_after_loop 2024-09-28T00:00:00+00:00 [queued]>
[2024-09-29 05:44:12,600] {taskinstance.py:1042} INFO - 
--------------------------------------------------------------------------------
[2024-09-29 05:44:12,600] {taskinstance.py:1043} INFO - Starting attempt 1 of 1
[2024-09-29 05:44:12,600] {taskinstance.py:1044} INFO - 
--------------------------------------------------------------------------------
[2024-09-29 05:44:12,643] {taskinstance.py:1063} INFO - Executing <Task(BashOperator): run_after_loop> on 2024-09-28T00:00:00+00:00
[2024-09-29 05:44:12,662] {standard_task_runner.py:52} INFO - Started process 85 to run task
[2024-09-29 05:44:12,678] {standard_task_runner.py:76} INFO - Running: ['airflow', 'tasks', 'run', 'example_bash_operator', 'run_after_loop', '2024-09-28T00:00:00+00:00', '--job-id', '350', '--pool', 'default_pool', '--raw', '--subdir', '/home/airflow/.local/lib/python3.6/site-packages/airflow/example_dags/example_bash_operator.py', '--cfg-path', '/tmp/tmp55zf35vj', '--error-file', '/tmp/tmp2qxzgzbb']
[2024-09-29 05:44:12,679] {standard_task_runner.py:77} INFO - Job 350: Subtask run_after_loop
[2024-09-29 05:44:12,894] {logging_mixin.py:104} INFO - Running <TaskInstance: example_bash_operator.run_after_loop 2024-09-28T00:00:00+00:00 [running]> on host 93d2902cde66
[2024-09-29 05:44:13,102] {taskinstance.py:1257} INFO - Exporting the following env vars:
AIRFLOW_CTX_DAG_OWNER=airflow
AIRFLOW_CTX_DAG_ID=example_bash_operator
AIRFLOW_CTX_TASK_ID=run_after_loop
AIRFLOW_CTX_EXECUTION_DATE=2024-09-28T00:00:00+00:00
AIRFLOW_CTX_DAG_RUN_ID=scheduled__2024-09-28T00:00:00+00:00
[2024-09-29 05:44:13,112] {bash.py:135} INFO - Tmp dir root location: 
 /tmp
[2024-09-29 05:44:13,114] {bash.py:158} INFO - Running command: echo 1
[2024-09-29 05:44:13,163] {bash.py:169} INFO - Output:
[2024-09-29 05:44:13,179] {bash.py:173} INFO - 1
[2024-09-29 05:44:13,180] {bash.py:177} INFO - Command exited with return code 0
[2024-09-29 05:44:13,359] {taskinstance.py:1166} INFO - Marking task as SUCCESS. dag_id=example_bash_operator, task_id=run_after_loop, execution_date=20240928T000000, start_date=20240929T054412, end_date=20240929T054413
[2024-09-29 05:44:13,511] {taskinstance.py:1220} INFO - 1 downstream tasks scheduled from follow-on schedule check
[2024-09-29 05:44:13,559] {local_task_job.py:146} INFO - Task exited with return code 0
