[2024-09-30 03:58:06,242] {taskinstance.py:851} INFO - Dependencies all met for <TaskInstance: example_bash_operator.runme_0 2024-09-29T00:00:00+00:00 [queued]>
[2024-09-30 03:58:06,267] {taskinstance.py:851} INFO - Dependencies all met for <TaskInstance: example_bash_operator.runme_0 2024-09-29T00:00:00+00:00 [queued]>
[2024-09-30 03:58:06,267] {taskinstance.py:1042} INFO - 
--------------------------------------------------------------------------------
[2024-09-30 03:58:06,267] {taskinstance.py:1043} INFO - Starting attempt 1 of 1
[2024-09-30 03:58:06,267] {taskinstance.py:1044} INFO - 
--------------------------------------------------------------------------------
[2024-09-30 03:58:06,310] {taskinstance.py:1063} INFO - Executing <Task(BashOperator): runme_0> on 2024-09-29T00:00:00+00:00
[2024-09-30 03:58:06,330] {standard_task_runner.py:76} INFO - Running: ['airflow', 'tasks', 'run', 'example_bash_operator', 'runme_0', '2024-09-29T00:00:00+00:00', '--job-id', '355', '--pool', 'default_pool', '--raw', '--subdir', '/home/airflow/.local/lib/python3.6/site-packages/airflow/example_dags/example_bash_operator.py', '--cfg-path', '/tmp/tmpycvxo73y', '--error-file', '/tmp/tmpi943tpa_']
[2024-09-30 03:58:06,331] {standard_task_runner.py:77} INFO - Job 355: Subtask runme_0
[2024-09-30 03:58:06,324] {standard_task_runner.py:52} INFO - Started process 47 to run task
[2024-09-30 03:58:06,507] {logging_mixin.py:104} INFO - Running <TaskInstance: example_bash_operator.runme_0 2024-09-29T00:00:00+00:00 [running]> on host 93d2902cde66
[2024-09-30 03:58:06,636] {taskinstance.py:1257} INFO - Exporting the following env vars:
AIRFLOW_CTX_DAG_OWNER=airflow
AIRFLOW_CTX_DAG_ID=example_bash_operator
AIRFLOW_CTX_TASK_ID=runme_0
AIRFLOW_CTX_EXECUTION_DATE=2024-09-29T00:00:00+00:00
AIRFLOW_CTX_DAG_RUN_ID=scheduled__2024-09-29T00:00:00+00:00
[2024-09-30 03:58:06,637] {bash.py:135} INFO - Tmp dir root location: 
 /tmp
[2024-09-30 03:58:06,638] {bash.py:158} INFO - Running command: echo "example_bash_operator__runme_0__20240929" && sleep 1
[2024-09-30 03:58:06,672] {bash.py:169} INFO - Output:
[2024-09-30 03:58:06,677] {bash.py:173} INFO - example_bash_operator__runme_0__20240929
[2024-09-30 03:58:07,681] {bash.py:177} INFO - Command exited with return code 0
[2024-09-30 03:58:07,754] {taskinstance.py:1166} INFO - Marking task as SUCCESS. dag_id=example_bash_operator, task_id=runme_0, execution_date=20240929T000000, start_date=20240930T035806, end_date=20240930T035807
[2024-09-30 03:58:07,856] {taskinstance.py:1220} INFO - 0 downstream tasks scheduled from follow-on schedule check
[2024-09-30 03:58:07,909] {local_task_job.py:146} INFO - Task exited with return code 0
