[2024-09-22 02:57:00,305] {taskinstance.py:851} INFO - Dependencies all met for <TaskInstance: example_bash_operator.runme_2 2024-09-21T00:00:00+00:00 [queued]>
[2024-09-22 02:57:00,647] {taskinstance.py:851} INFO - Dependencies all met for <TaskInstance: example_bash_operator.runme_2 2024-09-21T00:00:00+00:00 [queued]>
[2024-09-22 02:57:00,650] {taskinstance.py:1042} INFO - 
--------------------------------------------------------------------------------
[2024-09-22 02:57:00,651] {taskinstance.py:1043} INFO - Starting attempt 1 of 1
[2024-09-22 02:57:00,651] {taskinstance.py:1044} INFO - 
--------------------------------------------------------------------------------
[2024-09-22 02:57:00,806] {taskinstance.py:1063} INFO - Executing <Task(BashOperator): runme_2> on 2024-09-21T00:00:00+00:00
[2024-09-22 02:57:00,960] {standard_task_runner.py:52} INFO - Started process 53 to run task
[2024-09-22 02:57:01,061] {standard_task_runner.py:76} INFO - Running: ['airflow', 'tasks', 'run', 'example_bash_operator', 'runme_2', '2024-09-21T00:00:00+00:00', '--job-id', '243', '--pool', 'default_pool', '--raw', '--subdir', '/home/airflow/.local/lib/python3.6/site-packages/airflow/example_dags/example_bash_operator.py', '--cfg-path', '/tmp/tmpzrd6x9yu', '--error-file', '/tmp/tmp6yzlb5cy']
[2024-09-22 02:57:01,065] {standard_task_runner.py:77} INFO - Job 243: Subtask runme_2
[2024-09-22 02:57:01,884] {logging_mixin.py:104} INFO - Running <TaskInstance: example_bash_operator.runme_2 2024-09-21T00:00:00+00:00 [running]> on host 93d2902cde66
[2024-09-22 02:57:02,840] {taskinstance.py:1257} INFO - Exporting the following env vars:
AIRFLOW_CTX_DAG_OWNER=airflow
AIRFLOW_CTX_DAG_ID=example_bash_operator
AIRFLOW_CTX_TASK_ID=runme_2
AIRFLOW_CTX_EXECUTION_DATE=2024-09-21T00:00:00+00:00
AIRFLOW_CTX_DAG_RUN_ID=scheduled__2024-09-21T00:00:00+00:00
[2024-09-22 02:57:02,858] {bash.py:135} INFO - Tmp dir root location: 
 /tmp
[2024-09-22 02:57:02,882] {bash.py:158} INFO - Running command: echo "example_bash_operator__runme_2__20240921" && sleep 1
[2024-09-22 02:57:03,049] {bash.py:169} INFO - Output:
[2024-09-22 02:57:03,072] {bash.py:173} INFO - example_bash_operator__runme_2__20240921
[2024-09-22 02:57:04,103] {bash.py:177} INFO - Command exited with return code 0
[2024-09-22 02:57:04,155] {taskinstance.py:1166} INFO - Marking task as SUCCESS. dag_id=example_bash_operator, task_id=runme_2, execution_date=20240921T000000, start_date=20240922T025700, end_date=20240922T025704
[2024-09-22 02:57:04,210] {taskinstance.py:1220} INFO - 0 downstream tasks scheduled from follow-on schedule check
[2024-09-22 02:57:04,243] {local_task_job.py:146} INFO - Task exited with return code 0
