[2024-09-30 03:58:06,335] {taskinstance.py:851} INFO - Dependencies all met for <TaskInstance: example_bash_operator.also_run_this 2024-09-29T00:00:00+00:00 [queued]>
[2024-09-30 03:58:06,390] {taskinstance.py:851} INFO - Dependencies all met for <TaskInstance: example_bash_operator.also_run_this 2024-09-29T00:00:00+00:00 [queued]>
[2024-09-30 03:58:06,390] {taskinstance.py:1042} INFO - 
--------------------------------------------------------------------------------
[2024-09-30 03:58:06,390] {taskinstance.py:1043} INFO - Starting attempt 1 of 1
[2024-09-30 03:58:06,390] {taskinstance.py:1044} INFO - 
--------------------------------------------------------------------------------
[2024-09-30 03:58:06,439] {taskinstance.py:1063} INFO - Executing <Task(BashOperator): also_run_this> on 2024-09-29T00:00:00+00:00
[2024-09-30 03:58:06,460] {standard_task_runner.py:52} INFO - Started process 48 to run task
[2024-09-30 03:58:06,482] {standard_task_runner.py:76} INFO - Running: ['airflow', 'tasks', 'run', 'example_bash_operator', 'also_run_this', '2024-09-29T00:00:00+00:00', '--job-id', '356', '--pool', 'default_pool', '--raw', '--subdir', '/home/airflow/.local/lib/python3.6/site-packages/airflow/example_dags/example_bash_operator.py', '--cfg-path', '/tmp/tmplpathkpj', '--error-file', '/tmp/tmpeq8kbvsc']
[2024-09-30 03:58:06,482] {standard_task_runner.py:77} INFO - Job 356: Subtask also_run_this
[2024-09-30 03:58:06,651] {logging_mixin.py:104} INFO - Running <TaskInstance: example_bash_operator.also_run_this 2024-09-29T00:00:00+00:00 [running]> on host 93d2902cde66
[2024-09-30 03:58:06,778] {taskinstance.py:1257} INFO - Exporting the following env vars:
AIRFLOW_CTX_DAG_OWNER=airflow
AIRFLOW_CTX_DAG_ID=example_bash_operator
AIRFLOW_CTX_TASK_ID=also_run_this
AIRFLOW_CTX_EXECUTION_DATE=2024-09-29T00:00:00+00:00
AIRFLOW_CTX_DAG_RUN_ID=scheduled__2024-09-29T00:00:00+00:00
[2024-09-30 03:58:06,779] {bash.py:135} INFO - Tmp dir root location: 
 /tmp
[2024-09-30 03:58:06,780] {bash.py:158} INFO - Running command: echo "run_id=scheduled__2024-09-29T00:00:00+00:00 | dag_run=<DagRun example_bash_operator @ 2024-09-29 00:00:00+00:00: scheduled__2024-09-29T00:00:00+00:00, externally triggered: False>"
[2024-09-30 03:58:06,814] {bash.py:169} INFO - Output:
[2024-09-30 03:58:06,818] {bash.py:173} INFO - run_id=scheduled__2024-09-29T00:00:00+00:00 | dag_run=<DagRun example_bash_operator @ 2024-09-29 00:00:00+00:00: scheduled__2024-09-29T00:00:00+00:00, externally triggered: False>
[2024-09-30 03:58:06,819] {bash.py:177} INFO - Command exited with return code 0
[2024-09-30 03:58:06,904] {taskinstance.py:1166} INFO - Marking task as SUCCESS. dag_id=example_bash_operator, task_id=also_run_this, execution_date=20240929T000000, start_date=20240930T035806, end_date=20240930T035806
[2024-09-30 03:58:07,024] {taskinstance.py:1220} INFO - 0 downstream tasks scheduled from follow-on schedule check
[2024-09-30 03:58:07,037] {local_task_job.py:146} INFO - Task exited with return code 0
