[2024-09-15 15:56:15,165] {taskinstance.py:851} INFO - Dependencies all met for <TaskInstance: example_bash_operator.also_run_this 2024-09-13T00:00:00+00:00 [queued]>
[2024-09-15 15:56:15,216] {taskinstance.py:851} INFO - Dependencies all met for <TaskInstance: example_bash_operator.also_run_this 2024-09-13T00:00:00+00:00 [queued]>
[2024-09-15 15:56:15,217] {taskinstance.py:1042} INFO - 
--------------------------------------------------------------------------------
[2024-09-15 15:56:15,217] {taskinstance.py:1043} INFO - Starting attempt 1 of 1
[2024-09-15 15:56:15,217] {taskinstance.py:1044} INFO - 
--------------------------------------------------------------------------------
[2024-09-15 15:56:15,241] {taskinstance.py:1063} INFO - Executing <Task(BashOperator): also_run_this> on 2024-09-13T00:00:00+00:00
[2024-09-15 15:56:15,254] {standard_task_runner.py:52} INFO - Started process 47 to run task
[2024-09-15 15:56:15,264] {standard_task_runner.py:76} INFO - Running: ['airflow', 'tasks', 'run', 'example_bash_operator', 'also_run_this', '2024-09-13T00:00:00+00:00', '--job-id', '71', '--pool', 'default_pool', '--raw', '--subdir', '/home/airflow/.local/lib/python3.6/site-packages/airflow/example_dags/example_bash_operator.py', '--cfg-path', '/tmp/tmpf8t8l8sz', '--error-file', '/tmp/tmpk7yzly3r']
[2024-09-15 15:56:15,265] {standard_task_runner.py:77} INFO - Job 71: Subtask also_run_this
[2024-09-15 15:56:15,341] {logging_mixin.py:104} INFO - Running <TaskInstance: example_bash_operator.also_run_this 2024-09-13T00:00:00+00:00 [running]> on host 329bc9b18b64
[2024-09-15 15:56:15,382] {taskinstance.py:1257} INFO - Exporting the following env vars:
AIRFLOW_CTX_DAG_OWNER=airflow
AIRFLOW_CTX_DAG_ID=example_bash_operator
AIRFLOW_CTX_TASK_ID=also_run_this
AIRFLOW_CTX_EXECUTION_DATE=2024-09-13T00:00:00+00:00
AIRFLOW_CTX_DAG_RUN_ID=scheduled__2024-09-13T00:00:00+00:00
[2024-09-15 15:56:15,382] {bash.py:135} INFO - Tmp dir root location: 
 /tmp
[2024-09-15 15:56:15,384] {bash.py:158} INFO - Running command: echo "run_id=scheduled__2024-09-13T00:00:00+00:00 | dag_run=<DagRun example_bash_operator @ 2024-09-13 00:00:00+00:00: scheduled__2024-09-13T00:00:00+00:00, externally triggered: False>"
[2024-09-15 15:56:15,396] {bash.py:169} INFO - Output:
[2024-09-15 15:56:15,397] {bash.py:173} INFO - run_id=scheduled__2024-09-13T00:00:00+00:00 | dag_run=<DagRun example_bash_operator @ 2024-09-13 00:00:00+00:00: scheduled__2024-09-13T00:00:00+00:00, externally triggered: False>
[2024-09-15 15:56:15,397] {bash.py:177} INFO - Command exited with return code 0
[2024-09-15 15:56:15,418] {taskinstance.py:1166} INFO - Marking task as SUCCESS. dag_id=example_bash_operator, task_id=also_run_this, execution_date=20240913T000000, start_date=20240915T155615, end_date=20240915T155615
[2024-09-15 15:56:15,443] {taskinstance.py:1220} INFO - 0 downstream tasks scheduled from follow-on schedule check
[2024-09-15 15:56:15,478] {local_task_job.py:146} INFO - Task exited with return code 0
