[2024-09-26 07:00:49,214] {taskinstance.py:851} INFO - Dependencies all met for <TaskInstance: example_bash_operator.also_run_this 2024-09-25T00:00:00+00:00 [queued]>
[2024-09-26 07:00:49,325] {taskinstance.py:851} INFO - Dependencies all met for <TaskInstance: example_bash_operator.also_run_this 2024-09-25T00:00:00+00:00 [queued]>
[2024-09-26 07:00:49,335] {taskinstance.py:1042} INFO - 
--------------------------------------------------------------------------------
[2024-09-26 07:00:49,346] {taskinstance.py:1043} INFO - Starting attempt 1 of 1
[2024-09-26 07:00:49,347] {taskinstance.py:1044} INFO - 
--------------------------------------------------------------------------------
[2024-09-26 07:00:49,517] {taskinstance.py:1063} INFO - Executing <Task(BashOperator): also_run_this> on 2024-09-25T00:00:00+00:00
[2024-09-26 07:00:49,541] {standard_task_runner.py:52} INFO - Started process 51 to run task
[2024-09-26 07:00:49,562] {standard_task_runner.py:76} INFO - Running: ['airflow', 'tasks', 'run', 'example_bash_operator', 'also_run_this', '2024-09-25T00:00:00+00:00', '--job-id', '314', '--pool', 'default_pool', '--raw', '--subdir', '/home/airflow/.local/lib/python3.6/site-packages/airflow/example_dags/example_bash_operator.py', '--cfg-path', '/tmp/tmpl76kh9c1', '--error-file', '/tmp/tmp2utgyjqp']
[2024-09-26 07:00:49,571] {standard_task_runner.py:77} INFO - Job 314: Subtask also_run_this
[2024-09-26 07:00:49,832] {logging_mixin.py:104} INFO - Running <TaskInstance: example_bash_operator.also_run_this 2024-09-25T00:00:00+00:00 [running]> on host 93d2902cde66
[2024-09-26 07:00:50,470] {taskinstance.py:1257} INFO - Exporting the following env vars:
AIRFLOW_CTX_DAG_OWNER=airflow
AIRFLOW_CTX_DAG_ID=example_bash_operator
AIRFLOW_CTX_TASK_ID=also_run_this
AIRFLOW_CTX_EXECUTION_DATE=2024-09-25T00:00:00+00:00
AIRFLOW_CTX_DAG_RUN_ID=scheduled__2024-09-25T00:00:00+00:00
[2024-09-26 07:00:50,485] {bash.py:135} INFO - Tmp dir root location: 
 /tmp
[2024-09-26 07:00:50,496] {bash.py:158} INFO - Running command: echo "run_id=scheduled__2024-09-25T00:00:00+00:00 | dag_run=<DagRun example_bash_operator @ 2024-09-25 00:00:00+00:00: scheduled__2024-09-25T00:00:00+00:00, externally triggered: False>"
[2024-09-26 07:00:50,582] {bash.py:169} INFO - Output:
[2024-09-26 07:00:50,584] {bash.py:173} INFO - run_id=scheduled__2024-09-25T00:00:00+00:00 | dag_run=<DagRun example_bash_operator @ 2024-09-25 00:00:00+00:00: scheduled__2024-09-25T00:00:00+00:00, externally triggered: False>
[2024-09-26 07:00:50,592] {bash.py:177} INFO - Command exited with return code 0
[2024-09-26 07:00:50,698] {taskinstance.py:1166} INFO - Marking task as SUCCESS. dag_id=example_bash_operator, task_id=also_run_this, execution_date=20240925T000000, start_date=20240926T070049, end_date=20240926T070050
[2024-09-26 07:00:50,823] {taskinstance.py:1220} INFO - 0 downstream tasks scheduled from follow-on schedule check
[2024-09-26 07:00:50,898] {local_task_job.py:146} INFO - Task exited with return code 0
