[2024-09-29 05:44:05,965] {taskinstance.py:851} INFO - Dependencies all met for <TaskInstance: fetch_and_store_amazon_books.fetch_book_data 2024-09-28T00:00:00+00:00 [queued]>
[2024-09-29 05:44:06,084] {taskinstance.py:851} INFO - Dependencies all met for <TaskInstance: fetch_and_store_amazon_books.fetch_book_data 2024-09-28T00:00:00+00:00 [queued]>
[2024-09-29 05:44:06,085] {taskinstance.py:1042} INFO - 
--------------------------------------------------------------------------------
[2024-09-29 05:44:06,089] {taskinstance.py:1043} INFO - Starting attempt 1 of 2
[2024-09-29 05:44:06,089] {taskinstance.py:1044} INFO - 
--------------------------------------------------------------------------------
[2024-09-29 05:44:06,126] {taskinstance.py:1063} INFO - Executing <Task(PythonOperator): fetch_book_data> on 2024-09-28T00:00:00+00:00
[2024-09-29 05:44:06,159] {standard_task_runner.py:52} INFO - Started process 82 to run task
[2024-09-29 05:44:06,182] {standard_task_runner.py:76} INFO - Running: ['airflow', 'tasks', 'run', 'fetch_and_store_amazon_books', 'fetch_book_data', '2024-09-28T00:00:00+00:00', '--job-id', '349', '--pool', 'default_pool', '--raw', '--subdir', 'DAGS_FOLDER/dag.py', '--cfg-path', '/tmp/tmpfv8b_hrz', '--error-file', '/tmp/tmp6s8p5_2r']
[2024-09-29 05:44:06,183] {standard_task_runner.py:77} INFO - Job 349: Subtask fetch_book_data
[2024-09-29 05:44:06,397] {logging_mixin.py:104} INFO - Running <TaskInstance: fetch_and_store_amazon_books.fetch_book_data 2024-09-28T00:00:00+00:00 [running]> on host 93d2902cde66
[2024-09-29 05:44:06,925] {taskinstance.py:1257} INFO - Exporting the following env vars:
AIRFLOW_CTX_DAG_OWNER=airflow
AIRFLOW_CTX_DAG_ID=fetch_and_store_amazon_books
AIRFLOW_CTX_TASK_ID=fetch_book_data
AIRFLOW_CTX_EXECUTION_DATE=2024-09-28T00:00:00+00:00
AIRFLOW_CTX_DAG_RUN_ID=scheduled__2024-09-28T00:00:00+00:00
[2024-09-29 05:44:09,266] {logging_mixin.py:104} INFO - Failed to retrieve the page
[2024-09-29 05:44:09,747] {python.py:118} INFO - Done. Returned value was: None
[2024-09-29 05:44:09,967] {taskinstance.py:1166} INFO - Marking task as SUCCESS. dag_id=fetch_and_store_amazon_books, task_id=fetch_book_data, execution_date=20240928T000000, start_date=20240929T054405, end_date=20240929T054409
[2024-09-29 05:44:10,654] {taskinstance.py:1220} INFO - 1 downstream tasks scheduled from follow-on schedule check
[2024-09-29 05:44:10,832] {local_task_job.py:146} INFO - Task exited with return code 0
