[2024-09-26 07:00:51,582] {taskinstance.py:851} INFO - Dependencies all met for <TaskInstance: fetch_and_store_amazon_books.fetch_book_data 2024-09-25T00:00:00+00:00 [queued]>
[2024-09-26 07:00:51,669] {taskinstance.py:851} INFO - Dependencies all met for <TaskInstance: fetch_and_store_amazon_books.fetch_book_data 2024-09-25T00:00:00+00:00 [queued]>
[2024-09-26 07:00:51,674] {taskinstance.py:1042} INFO - 
--------------------------------------------------------------------------------
[2024-09-26 07:00:51,676] {taskinstance.py:1043} INFO - Starting attempt 1 of 2
[2024-09-26 07:00:51,677] {taskinstance.py:1044} INFO - 
--------------------------------------------------------------------------------
[2024-09-26 07:00:51,772] {taskinstance.py:1063} INFO - Executing <Task(PythonOperator): fetch_book_data> on 2024-09-25T00:00:00+00:00
[2024-09-26 07:00:51,786] {standard_task_runner.py:52} INFO - Started process 58 to run task
[2024-09-26 07:00:51,805] {standard_task_runner.py:76} INFO - Running: ['airflow', 'tasks', 'run', 'fetch_and_store_amazon_books', 'fetch_book_data', '2024-09-25T00:00:00+00:00', '--job-id', '318', '--pool', 'default_pool', '--raw', '--subdir', 'DAGS_FOLDER/dag.py', '--cfg-path', '/tmp/tmpn_j2s30n', '--error-file', '/tmp/tmplh0smx42']
[2024-09-26 07:00:51,806] {standard_task_runner.py:77} INFO - Job 318: Subtask fetch_book_data
[2024-09-26 07:00:51,995] {logging_mixin.py:104} INFO - Running <TaskInstance: fetch_and_store_amazon_books.fetch_book_data 2024-09-25T00:00:00+00:00 [running]> on host 93d2902cde66
[2024-09-26 07:00:52,290] {taskinstance.py:1257} INFO - Exporting the following env vars:
AIRFLOW_CTX_DAG_OWNER=airflow
AIRFLOW_CTX_DAG_ID=fetch_and_store_amazon_books
AIRFLOW_CTX_TASK_ID=fetch_book_data
AIRFLOW_CTX_EXECUTION_DATE=2024-09-25T00:00:00+00:00
AIRFLOW_CTX_DAG_RUN_ID=scheduled__2024-09-25T00:00:00+00:00
[2024-09-26 07:00:53,082] {logging_mixin.py:104} INFO - Failed to retrieve the page
[2024-09-26 07:00:53,197] {python.py:118} INFO - Done. Returned value was: None
[2024-09-26 07:00:53,241] {taskinstance.py:1166} INFO - Marking task as SUCCESS. dag_id=fetch_and_store_amazon_books, task_id=fetch_book_data, execution_date=20240925T000000, start_date=20240926T070051, end_date=20240926T070053
[2024-09-26 07:00:53,565] {taskinstance.py:1220} INFO - 0 downstream tasks scheduled from follow-on schedule check
[2024-09-26 07:00:53,682] {local_task_job.py:146} INFO - Task exited with return code 0
