[2024-09-24 04:33:56,649] {taskinstance.py:851} INFO - Dependencies all met for <TaskInstance: example_bash_operator.runme_2 2024-09-23T00:00:00+00:00 [queued]>
[2024-09-24 04:33:56,686] {taskinstance.py:851} INFO - Dependencies all met for <TaskInstance: example_bash_operator.runme_2 2024-09-23T00:00:00+00:00 [queued]>
[2024-09-24 04:33:56,686] {taskinstance.py:1042} INFO - 
--------------------------------------------------------------------------------
[2024-09-24 04:33:56,687] {taskinstance.py:1043} INFO - Starting attempt 1 of 1
[2024-09-24 04:33:56,687] {taskinstance.py:1044} INFO - 
--------------------------------------------------------------------------------
[2024-09-24 04:33:56,704] {taskinstance.py:1063} INFO - Executing <Task(BashOperator): runme_2> on 2024-09-23T00:00:00+00:00
[2024-09-24 04:33:56,715] {standard_task_runner.py:52} INFO - Started process 47 to run task
[2024-09-24 04:33:56,722] {standard_task_runner.py:76} INFO - Running: ['airflow', 'tasks', 'run', 'example_bash_operator', 'runme_2', '2024-09-23T00:00:00+00:00', '--job-id', '290', '--pool', 'default_pool', '--raw', '--subdir', '/home/airflow/.local/lib/python3.6/site-packages/airflow/example_dags/example_bash_operator.py', '--cfg-path', '/tmp/tmp8wyrscfz', '--error-file', '/tmp/tmpf6pa_4yu']
[2024-09-24 04:33:56,722] {standard_task_runner.py:77} INFO - Job 290: Subtask runme_2
[2024-09-24 04:33:57,438] {logging_mixin.py:104} INFO - Running <TaskInstance: example_bash_operator.runme_2 2024-09-23T00:00:00+00:00 [running]> on host 93d2902cde66
[2024-09-24 04:33:58,851] {taskinstance.py:1257} INFO - Exporting the following env vars:
AIRFLOW_CTX_DAG_OWNER=airflow
AIRFLOW_CTX_DAG_ID=example_bash_operator
AIRFLOW_CTX_TASK_ID=runme_2
AIRFLOW_CTX_EXECUTION_DATE=2024-09-23T00:00:00+00:00
AIRFLOW_CTX_DAG_RUN_ID=scheduled__2024-09-23T00:00:00+00:00
[2024-09-24 04:33:58,867] {bash.py:135} INFO - Tmp dir root location: 
 /tmp
[2024-09-24 04:33:58,901] {bash.py:158} INFO - Running command: echo "example_bash_operator__runme_2__20240923" && sleep 1
[2024-09-24 04:33:59,170] {bash.py:169} INFO - Output:
[2024-09-24 04:33:59,220] {bash.py:173} INFO - example_bash_operator__runme_2__20240923
[2024-09-24 04:34:00,244] {bash.py:177} INFO - Command exited with return code 0
[2024-09-24 04:34:01,530] {taskinstance.py:1166} INFO - Marking task as SUCCESS. dag_id=example_bash_operator, task_id=runme_2, execution_date=20240923T000000, start_date=20240924T043356, end_date=20240924T043401
[2024-09-24 04:34:02,194] {taskinstance.py:1220} INFO - 1 downstream tasks scheduled from follow-on schedule check
[2024-09-24 04:34:02,263] {local_task_job.py:146} INFO - Task exited with return code 0
