[2024-09-20 09:17:15,550] {taskinstance.py:851} INFO - Dependencies all met for <TaskInstance: fetch_and_store_amazon_books.create_table 2024-09-20T09:16:59.635063+00:00 [queued]>
[2024-09-20 09:17:15,595] {taskinstance.py:851} INFO - Dependencies all met for <TaskInstance: fetch_and_store_amazon_books.create_table 2024-09-20T09:16:59.635063+00:00 [queued]>
[2024-09-20 09:17:15,595] {taskinstance.py:1042} INFO - 
--------------------------------------------------------------------------------
[2024-09-20 09:17:15,596] {taskinstance.py:1043} INFO - Starting attempt 1 of 2
[2024-09-20 09:17:15,596] {taskinstance.py:1044} INFO - 
--------------------------------------------------------------------------------
[2024-09-20 09:17:15,627] {taskinstance.py:1063} INFO - Executing <Task(PostgresOperator): create_table> on 2024-09-20T09:16:59.635063+00:00
[2024-09-20 09:17:15,639] {standard_task_runner.py:52} INFO - Started process 44 to run task
[2024-09-20 09:17:15,651] {standard_task_runner.py:76} INFO - Running: ['airflow', 'tasks', 'run', 'fetch_and_store_amazon_books', 'create_table', '2024-09-20T09:16:59.635063+00:00', '--job-id', '157', '--pool', 'default_pool', '--raw', '--subdir', 'DAGS_FOLDER/dag.py', '--cfg-path', '/tmp/tmpp988sa9t', '--error-file', '/tmp/tmpqc8e89yv']
[2024-09-20 09:17:15,653] {standard_task_runner.py:77} INFO - Job 157: Subtask create_table
[2024-09-20 09:17:15,825] {logging_mixin.py:104} INFO - Running <TaskInstance: fetch_and_store_amazon_books.create_table 2024-09-20T09:16:59.635063+00:00 [running]> on host 93d2902cde66
[2024-09-20 09:17:15,981] {taskinstance.py:1257} INFO - Exporting the following env vars:
AIRFLOW_CTX_DAG_OWNER=airflow
AIRFLOW_CTX_DAG_ID=fetch_and_store_amazon_books
AIRFLOW_CTX_TASK_ID=create_table
AIRFLOW_CTX_EXECUTION_DATE=2024-09-20T09:16:59.635063+00:00
AIRFLOW_CTX_DAG_RUN_ID=manual__2024-09-20T09:16:59.635063+00:00
[2024-09-20 09:17:15,982] {postgres.py:69} INFO - Executing: 
    CREATE TABLE IF NOT EXISTS books (
        id SERIAL PRIMARY KEY,
        title TEXT NOT NULL,
        authors TEXT,
        price TEXT,
        rating TEXT
    );
    
[2024-09-20 09:17:16,026] {base.py:74} INFO - Using connection to: id: books_connection. Host: 172.18.0.3, Port: 5432, Schema: amazon_books, Login: airflow, Password: XXXXXXXX, extra: None
[2024-09-20 09:17:16,053] {dbapi.py:180} INFO - Running statement: 
    CREATE TABLE IF NOT EXISTS books (
        id SERIAL PRIMARY KEY,
        title TEXT NOT NULL,
        authors TEXT,
        price TEXT,
        rating TEXT
    );
    , parameters: None
[2024-09-20 09:17:16,108] {dbapi.py:186} INFO - Rows affected: -1
[2024-09-20 09:17:16,149] {taskinstance.py:1166} INFO - Marking task as SUCCESS. dag_id=fetch_and_store_amazon_books, task_id=create_table, execution_date=20240920T091659, start_date=20240920T091715, end_date=20240920T091716
[2024-09-20 09:17:16,282] {taskinstance.py:1220} INFO - 1 downstream tasks scheduled from follow-on schedule check
[2024-09-20 09:17:16,343] {local_task_job.py:146} INFO - Task exited with return code 0
