[2024-09-15 15:56:15,163] {taskinstance.py:851} INFO - Dependencies all met for <TaskInstance: example_bash_operator.runme_2 2024-09-13T00:00:00+00:00 [queued]>
[2024-09-15 15:56:15,209] {taskinstance.py:851} INFO - Dependencies all met for <TaskInstance: example_bash_operator.runme_2 2024-09-13T00:00:00+00:00 [queued]>
[2024-09-15 15:56:15,211] {taskinstance.py:1042} INFO - 
--------------------------------------------------------------------------------
[2024-09-15 15:56:15,211] {taskinstance.py:1043} INFO - Starting attempt 1 of 1
[2024-09-15 15:56:15,212] {taskinstance.py:1044} INFO - 
--------------------------------------------------------------------------------
[2024-09-15 15:56:15,231] {taskinstance.py:1063} INFO - Executing <Task(BashOperator): runme_2> on 2024-09-13T00:00:00+00:00
[2024-09-15 15:56:15,246] {standard_task_runner.py:52} INFO - Started process 45 to run task
[2024-09-15 15:56:15,253] {standard_task_runner.py:76} INFO - Running: ['airflow', 'tasks', 'run', 'example_bash_operator', 'runme_2', '2024-09-13T00:00:00+00:00', '--job-id', '70', '--pool', 'default_pool', '--raw', '--subdir', '/home/airflow/.local/lib/python3.6/site-packages/airflow/example_dags/example_bash_operator.py', '--cfg-path', '/tmp/tmpxjk5icll', '--error-file', '/tmp/tmpfpdv5hed']
[2024-09-15 15:56:15,254] {standard_task_runner.py:77} INFO - Job 70: Subtask runme_2
[2024-09-15 15:56:15,336] {logging_mixin.py:104} INFO - Running <TaskInstance: example_bash_operator.runme_2 2024-09-13T00:00:00+00:00 [running]> on host 329bc9b18b64
[2024-09-15 15:56:15,381] {taskinstance.py:1257} INFO - Exporting the following env vars:
AIRFLOW_CTX_DAG_OWNER=airflow
AIRFLOW_CTX_DAG_ID=example_bash_operator
AIRFLOW_CTX_TASK_ID=runme_2
AIRFLOW_CTX_EXECUTION_DATE=2024-09-13T00:00:00+00:00
AIRFLOW_CTX_DAG_RUN_ID=scheduled__2024-09-13T00:00:00+00:00
[2024-09-15 15:56:15,381] {bash.py:135} INFO - Tmp dir root location: 
 /tmp
[2024-09-15 15:56:15,382] {bash.py:158} INFO - Running command: echo "example_bash_operator__runme_2__20240913" && sleep 1
[2024-09-15 15:56:15,395] {bash.py:169} INFO - Output:
[2024-09-15 15:56:15,396] {bash.py:173} INFO - example_bash_operator__runme_2__20240913
[2024-09-15 15:56:16,401] {bash.py:177} INFO - Command exited with return code 0
[2024-09-15 15:56:16,460] {taskinstance.py:1166} INFO - Marking task as SUCCESS. dag_id=example_bash_operator, task_id=runme_2, execution_date=20240913T000000, start_date=20240915T155615, end_date=20240915T155616
[2024-09-15 15:56:16,536] {taskinstance.py:1220} INFO - 0 downstream tasks scheduled from follow-on schedule check
[2024-09-15 15:56:16,555] {local_task_job.py:146} INFO - Task exited with return code 0
